#
# A fatal error has been detected by the Java Runtime Environment:
#
#  EXCEPTION_UNCAUGHT_CXX_EXCEPTION (0xe06d7363) at pc=0x00007ffe3feafe4c, pid=22460, tid=22716
#
# JRE version: Java(TM) SE Runtime Environment (17.0.8+9) (build 17.0.8+9-LTS-211)
# Java VM: Java HotSpot(TM) 64-Bit Server VM (17.0.8+9-LTS-211, mixed mode, sharing, tiered, compressed oops, compressed class ptrs, g1 gc, windows-amd64)
# Problematic frame:
# C  [KERNELBASE.dll+0x5fe4c]
#
# No core dump will be written. Minidumps are not enabled by default on client versions of Windows
#
# If you would like to submit a bug report, please visit:
#   https://bugreport.java.com/bugreport/crash.jsp
# The crash happened outside the Java Virtual Machine in native code.
# See problematic frame for where to report the bug.
#

---------------  S U M M A R Y ------------

Command Line: -Dfile.encoding=UTF8 -ea -Xmx1024m 

Host: 12th Gen Intel(R) Core(TM) i5-12400F, 12 cores, 31G,  Windows 11 , 64 bit Build 22621 (10.0.22621.3958)
Time: Wed Oct 16 02:24:42 2024 대한민국 표준시 elapsed time: 3.123300 seconds (0d 0h 0m 3s)

---------------  T H R E A D  ---------------

Current thread (0x0000018b54453cf0):  JavaThread "main" [_thread_in_native, id=22716, stack(0x00000054f4000000,0x00000054f41f0000)]

Stack: [0x00000054f4000000,0x00000054f41f0000],  sp=0x00000054f41e7e00,  free space=1951k
Native frames: (J=compiled Java code, j=interpreted, Vv=VM code, C=native code)
C  [KERNELBASE.dll+0x5fe4c]
C  [VCRUNTIME140.dll+0x6480]
C  0x00007ffe043cd5e5
C  0x00007ffe043bbe0b
C  0x0000018b64b3d621

Java frames: (J=compiled Java code, j=interpreted, Vv=VM code)
j  org.jpype.manager.TypeFactoryNative.newWrapper(JJ)V+0
j  org.jpype.JPypeContext.newWrapper(J)V+16
v  ~StubRoutines::call_stub
j  org.jpype.manager.TypeFactoryNative.newWrapper(JJ)V+0
j  org.jpype.JPypeContext.newWrapper(J)V+16
v  ~StubRoutines::call_stub
j  org.jpype.manager.TypeFactoryNative.newWrapper(JJ)V+0
j  org.jpype.JPypeContext.newWrapper(J)V+16
v  ~StubRoutines::call_stub
j  org.jpype.manager.TypeFactoryNative.newWrapper(JJ)V+0
j  org.jpype.JPypeContext.newWrapper(J)V+16
v  ~StubRoutines::call_stub

siginfo: EXCEPTION_UNCAUGHT_CXX_EXCEPTION (0xe06d7363), ExceptionInformation=0x0000000019930520 0x00000054f41e7fb8 0x00007ffe043f90a8 0x00007ffe04390000 


Register to memory mapping:

RIP=0x00007ffe3feafe4c KERNELBASE.dll
RAX=0x0 is NULL
RBX=0x00007ffe043f90a8 points into unknown readable memory: 0x0000180000000000 | 00 00 00 00 00 18 00 00
RCX=0x00000000c0168160 is an oop: java.lang.Class 
{0x00000000c0168160} - klass: 'java/lang/Class'
 - ---- fields (total size 15 words):
 - private volatile transient 'classRedefinedCount' 'I' @12  0
 - private volatile transient 'cachedConstructor' 'Ljava/lang/reflect/Constructor;' @40  NULL (0)
 - private transient 'name' 'Ljava/lang/String;' @44  "org.jpype.manager.TypeManager"{0x00000000c01681d8} (c01681d8)
 - private transient 'module' 'Ljava/lang/Module;' @48  a 'java/lang/Module'{0x00000000c015e1d8} (c015e1d8)
 - private final 'classLoader' 'Ljava/lang/ClassLoader;' @52  a 'java/net/URLClassLoader'{0x00000000c015e050} (c015e050)
 - private transient 'classData' 'Ljava/lang/Object;' @56  NULL (0)
 - private transient 'packageName' 'Ljava/lang/String;' @60  "org.jpype.manager"{0x00000000c0168038} (c0168038)
 - private final 'componentType' 'Ljava/lang/Class;' @64  NULL (0)
 - private volatile transient 'reflectionData' 'Ljava/lang/ref/SoftReference;' @68  NULL (0)
 - private volatile transient 'genericInfo' 'Lsun/reflect/generics/repository/ClassRepository;' @72  NULL (0)
 - private volatile transient 'enumConstants' '[Ljava/lang/Object;' @76  NULL (0)
 - private volatile transient 'enumConstantDirectory' 'Ljava/util/Map;' @80  NULL (0)
 - private volatile transient 'annotationData' 'Ljava/lang/Class$AnnotationData;' @84  NULL (0)
 - private volatile transient 'annotationType' 'Lsun/reflect/annotation/AnnotationType;' @88  NULL (0)
 - transient 'classValueMap' 'Ljava/lang/ClassValue$ClassValueMap;' @92  NULL (0)
 - signature: Lorg/jpype/manager/TypeManager;
 - fake entry for mirror: 'org/jpype/manager/TypeManager'
 - fake entry for array: NULL
 - fake entry for oop_size: 15
 - fake entry for static_oop_field_count: 0
 - static 'hasCallerSensitive' 'Z' @112  true
RDX={method} {0x0000018bb4406668} 'createMembers' '(Lorg/jpype/manager/ClassDescriptor;)V' in 'org/jpype/manager/TypeManager'
RSP=0x00000054f41e7e00 is pointing into the stack for thread: 0x0000018b54453cf0
RBP=0x00000054f41e8040 is pointing into the stack for thread: 0x0000018b54453cf0
RSI=0x00000054f41e7fb8 is pointing into the stack for thread: 0x0000018b54453cf0
RDI=0x0000000019930520 is an unknown value
R8 =0x00000000c018eda8 is an oop: org.jpype.manager.TypeManager 
{0x00000000c018eda8} - klass: 'org/jpype/manager/TypeManager'
 - ---- fields (total size 6 words):
 - public 'isStarted' 'Z' @12  true
 - public 'isShutdown' 'Z' @13  false
 - public 'context' 'J' @16  1697927212000 (54592be0 18b)
 - public 'classMap' 'Ljava/util/HashMap;' @24  a 'java/util/HashMap'{0x00000000c018edd8} (c018edd8)
 - public 'typeFactory' 'Lorg/jpype/manager/TypeFactory;' @28  a 'org/jpype/manager/TypeFactoryNative'{0x00000000c018ed90} (c018ed90)
 - public 'audit' 'Lorg/jpype/manager/TypeAudit;' @32  NULL (0)
 - private 'java_lang_Object' 'Lorg/jpype/manager/ClassDescriptor;' @36  a 'org/jpype/manager/ClassDescriptor'{0x00000000c01a5820} (c01a5820)
 - private 'destroyer' 'Lorg/jpype/manager/TypeManager$Destroyer;' @40  a 'org/jpype/manager/TypeManager$Destroyer'{0x00000000c018ef88} (c018ef88)
R9 =0x0000000000000001 is an unknown value
R10=0x0 is NULL
R11=0x00000054f41e7720 is pointing into the stack for thread: 0x0000018b54453cf0
R12=0x00000054f41e8130 is pointing into the stack for thread: 0x0000018b54453cf0
R13=0x0000018bb806da60 points into unknown readable memory: 0x00007ffe043e6cd0 | d0 6c 3e 04 fe 7f 00 00
R14=0x0 is NULL
R15=0x0000018b55003600 points into unknown readable memory: 0x0000000000000003 | 03 00 00 00 00 00 00 00


Registers:
RAX=0x0000000000000000, RBX=0x00007ffe043f90a8, RCX=0x00000000c0168160, RDX=0x0000018bb4406660
RSP=0x00000054f41e7e00, RBP=0x00000054f41e8040, RSI=0x00000054f41e7fb8, RDI=0x0000000019930520
R8 =0x00000000c018eda8, R9 =0x0000000000000001, R10=0x0000000000000000, R11=0x00000054f41e7720
R12=0x00000054f41e8130, R13=0x0000018bb806da60, R14=0x0000000000000000, R15=0x0000018b55003600
RIP=0x00007ffe3feafe4c, EFLAGS=0x0000000000000206

Top of Stack: (sp=0x00000054f41e7e00)
0x00000054f41e7e00:   0000018b55d46730 00007ffe043f90a8
0x00000054f41e7e10:   00000054f41e7fb8 0000000000000000
0x00000054f41e7e20:   00000081e06d7363 0000000000000000
0x00000054f41e7e30:   00007ffe3feafe4c 0000000000000004
0x00000054f41e7e40:   0000000019930520 00000054f41e7fb8
0x00000054f41e7e50:   00007ffe043f90a8 00007ffe04390000
0x00000054f41e7e60:   0000018b00000000 00000054f41e0000
0x00000054f41e7e70:   0000000000000000 00007ffe043f90a8
0x00000054f41e7e80:   0000000000000000 00007ffe42986aaf
0x00000054f41e7e90:   00000054f41e7f00 00007ffe04400000
0x00000054f41e7ea0:   00000054f41e7fb8 0000000019930520
0x00000054f41e7eb0:   00007ffe04400000 00007ffe04390000
0x00000054f41e7ec0:   0000d391e5d1fb5b 00007ffe24a761be
0x00000054f41e7ed0:   00007ffe043f90a8 00007ffe24a76480
0x00000054f41e7ee0:   00000054f41e7f78 0000018bb82ae3a8
0x00000054f41e7ef0:   00000054f41e8040 00007ffe043a8d01 

Instructions: (pc=0x00007ffe3feafe4c)
0x00007ffe3feafd4c:   ff 4c 8d 05 0c b3 2d 00 33 d2 b9 00 00 10 00 e8
0x00007ffe3feafd5c:   a0 3e fe ff 4c 8b f0 48 89 44 24 58 48 85 c0 0f
0x00007ffe3feafd6c:   84 0b fe ff ff 4c 8d 05 00 b3 2d 00 33 d2 8d 4a
0x00007ffe3feafd7c:   02 e8 7e 3e fe ff 48 8b f8 48 89 44 24 50 e9 ed
0x00007ffe3feafd8c:   fd ff ff 45 33 c0 49 8b d7 48 83 c9 ff e8 72 a6
0x00007ffe3feafd9c:   01 00 e9 08 ff ff ff 48 8b 0d be 91 30 00 e8 f1
0x00007ffe3feafdac:   c0 fd ff 48 8b cf e8 b9 94 fc ff e9 f8 fe ff ff
0x00007ffe3feafdbc:   49 8b ce e8 ac 94 fc ff e9 f4 fe ff ff 48 8b ce
0x00007ffe3feafdcc:   e8 9f 94 fc ff e9 f0 fe ff ff cc cc 71 18 d3 7a
0x00007ffe3feafddc:   1a 87 89 f9 48 81 ec d8 00 00 00 48 8b 05 c2 61
0x00007ffe3feafdec:   30 00 48 33 c4 48 89 84 24 c0 00 00 00 48 83 64
0x00007ffe3feafdfc:   24 28 00 48 8d 05 da ff ff ff 83 e2 01 89 4c 24
0x00007ffe3feafe0c:   20 89 54 24 24 48 89 44 24 30 4d 85 c9 74 4f b8
0x00007ffe3feafe1c:   0f 00 00 00 48 8d 4c 24 40 44 3b c0 49 8b d1 41
0x00007ffe3feafe2c:   0f 46 c0 44 8b c0 44 89 44 24 38 49 c1 e0 03 e8
0x00007ffe3feafe3c:   97 c5 07 00 48 8d 4c 24 20 48 ff 15 a4 f0 20 00
0x00007ffe3feafe4c:   0f 1f 44 00 00 48 8b 8c 24 c0 00 00 00 48 33 cc
0x00007ffe3feafe5c:   e8 4f 09 05 00 48 81 c4 d8 00 00 00 c3 cc 83 64
0x00007ffe3feafe6c:   24 38 00 eb cf cc cc cc cc cc cc cc 48 8b c4 48
0x00007ffe3feafe7c:   89 58 08 48 89 70 10 48 89 78 18 4c 89 68 20 55
0x00007ffe3feafe8c:   41 56 41 57 48 8d 68 a1 48 81 ec e0 00 00 00 48
0x00007ffe3feafe9c:   8b 05 0e 61 30 00 48 33 c4 48 89 45 3f 45 33 ff
0x00007ffe3feafeac:   66 c7 45 2b 00 05 48 8d 45 c7 44 89 7d 27 48 89
0x00007ffe3feafebc:   44 24 50 48 8d 4d 27 44 89 7c 24 48 45 33 c9 44
0x00007ffe3feafecc:   89 7c 24 40 45 8d 47 12 44 89 7c 24 38 b2 01 44
0x00007ffe3feafedc:   89 7c 24 30 41 8b df 44 89 7c 24 28 41 8b ff 44
0x00007ffe3feafeec:   89 7c 24 20 45 8b f7 44 89 7d 2f 66 c7 45 33 00
0x00007ffe3feafefc:   01 44 89 7d 37 66 c7 45 3b 00 10 4c 89 7d c7 4c
0x00007ffe3feaff0c:   89 7d cf 4c 89 7d d7 4c 89 7d df 48 ff 15 f2 f0
0x00007ffe3feaff1c:   20 00 0f 1f 44 00 00 85 c0 0f 88 a7 02 00 00 48
0x00007ffe3feaff2c:   8d 45 cf 41 b9 20 02 00 00 48 89 44 24 50 45 8d
0x00007ffe3feaff3c:   6f 02 44 89 7c 24 48 45 8d 47 20 44 89 7c 24 40 


Stack slot to memory mapping:
stack at sp + 0 slots: 0x0000018b55d46730 points into unknown readable memory: 0x0000000000000001 | 01 00 00 00 00 00 00 00
stack at sp + 1 slots: 0x00007ffe043f90a8 points into unknown readable memory: 0x0000180000000000 | 00 00 00 00 00 18 00 00
stack at sp + 2 slots: 0x00000054f41e7fb8 is pointing into the stack for thread: 0x0000018b54453cf0
stack at sp + 3 slots: 0x0 is NULL
stack at sp + 4 slots: 0x00000081e06d7363 is an unknown value
stack at sp + 5 slots: 0x0 is NULL
stack at sp + 6 slots: 0x00007ffe3feafe4c KERNELBASE.dll
stack at sp + 7 slots: 0x0000000000000004 is an unknown value


---------------  P R O C E S S  ---------------

Threads class SMR info:
_java_thread_list=0x0000018bb93c2060, length=15, elements={
0x0000018b54453cf0, 0x0000018b5444eff0, 0x0000018b544541c0, 0x0000018b544559d0,
0x0000018b54450330, 0x0000018b5444e650, 0x0000018b5444eb20, 0x0000018b542f8440,
0x0000018b542f9370, 0x0000018b542f9880, 0x0000018b5444f4c0, 0x0000018b54450800,
0x0000018b54120b30, 0x0000018bb82d7ed0, 0x0000018bb82d4c30
}

Java Threads: ( => current thread )
=>0x0000018b54453cf0 JavaThread "main" [_thread_in_native, id=22716, stack(0x00000054f4000000,0x00000054f41f0000)]
  0x0000018b5444eff0 JavaThread "Reference Handler" daemon [_thread_blocked, id=23836, stack(0x00000054f8450000,0x00000054f8640000)]
  0x0000018b544541c0 JavaThread "Finalizer" daemon [_thread_blocked, id=11196, stack(0x00000054f8640000,0x00000054f8830000)]
  0x0000018b544559d0 JavaThread "Signal Dispatcher" daemon [_thread_blocked, id=17048, stack(0x00000054f8830000,0x00000054f8a20000)]
  0x0000018b54450330 JavaThread "Attach Listener" daemon [_thread_blocked, id=18716, stack(0x00000054f8a20000,0x00000054f8c10000)]
  0x0000018b5444e650 JavaThread "Service Thread" daemon [_thread_blocked, id=3200, stack(0x00000054f8c10000,0x00000054f8e00000)]
  0x0000018b5444eb20 JavaThread "Monitor Deflation Thread" daemon [_thread_blocked, id=16424, stack(0x00000054f8e00000,0x00000054f8ff0000)]
  0x0000018b542f8440 JavaThread "C2 CompilerThread0" daemon [_thread_blocked, id=24508, stack(0x00000054f8ff0000,0x00000054f91e0000)]
  0x0000018b542f9370 JavaThread "C1 CompilerThread0" daemon [_thread_blocked, id=4940, stack(0x00000054f91e0000,0x00000054f93d0000)]
  0x0000018b542f9880 JavaThread "Sweeper thread" daemon [_thread_blocked, id=9292, stack(0x00000054f93d0000,0x00000054f95c0000)]
  0x0000018b5444f4c0 JavaThread "Notification Thread" daemon [_thread_blocked, id=17516, stack(0x00000054f95c0000,0x00000054f97b0000)]
  0x0000018b54450800 JavaThread "Common-Cleaner" daemon [_thread_blocked, id=2816, stack(0x00000054f99a0000,0x00000054f9b90000)]
  0x0000018b54120b30 JavaThread "Python Reference Queue" daemon [_thread_blocked, id=3064, stack(0x00000054f9b90000,0x00000054f9d80000)]
  0x0000018bb82d7ed0 JavaThread "C2 CompilerThread1" daemon [_thread_blocked, id=27936, stack(0x00000054f9d80000,0x00000054f9f70000)]
  0x0000018bb82d4c30 JavaThread "C2 CompilerThread2" daemon [_thread_blocked, id=14508, stack(0x00000054fa920000,0x00000054fab10000)]

Other Threads:
  0x0000018b545076e0 VMThread "VM Thread" [stack: 0x00000054f8260000,0x00000054f8450000] [id=2744]
  0x0000018b542dae80 WatcherThread [stack: 0x00000054f97b0000,0x00000054f99a0000] [id=6772]
  0x0000018b54279060 GCTaskThread "GC Thread#0" [stack: 0x00000054f78b0000,0x00000054f7aa0000] [id=19408]
  0x0000018b5427a080 GCTaskThread "GC Thread#1" [stack: 0x00000054f9f70000,0x00000054fa160000] [id=10220]
  0x0000018b5427a5e0 GCTaskThread "GC Thread#2" [stack: 0x00000054fa160000,0x00000054fa350000] [id=21200]
  0x0000018b5427c0c0 GCTaskThread "GC Thread#3" [stack: 0x00000054fa350000,0x00000054fa540000] [id=25328]
  0x0000018b3d190eb0 GCTaskThread "GC Thread#4" [stack: 0x00000054fa540000,0x00000054fa730000] [id=12744]
  0x0000018bb83fb640 GCTaskThread "GC Thread#5" [stack: 0x00000054fa730000,0x00000054fa920000] [id=1160]
  0x0000018bb83f90a0 GCTaskThread "GC Thread#6" [stack: 0x00000054fb2d0000,0x00000054fb4c0000] [id=9456]
  0x0000018bb83f9600 GCTaskThread "GC Thread#7" [stack: 0x00000054fb4c0000,0x00000054fb6b0000] [id=8596]
  0x0000018bb83fb0e0 GCTaskThread "GC Thread#8" [stack: 0x00000054fb6b0000,0x00000054fb8a0000] [id=12312]
  0x0000018bb83f9e10 GCTaskThread "GC Thread#9" [stack: 0x00000054fb8a0000,0x00000054fba90000] [id=19880]
  0x0000018b54a49ac0 ConcurrentGCThread "G1 Main Marker" [stack: 0x00000054f7aa0000,0x00000054f7c90000] [id=9116]
  0x0000018b542795c0 ConcurrentGCThread "G1 Conc#0" [stack: 0x00000054f7c90000,0x00000054f7e80000] [id=22992]
  0x0000018bb83fa620 ConcurrentGCThread "G1 Conc#1" [stack: 0x00000054fab10000,0x00000054fad00000] [id=22540]
  0x0000018bb83f9b60 ConcurrentGCThread "G1 Conc#2" [stack: 0x00000054fad00000,0x00000054faef0000] [id=10780]
  0x0000018b3d1a8020 ConcurrentGCThread "G1 Refine#0" [stack: 0x00000054f7e80000,0x00000054f8070000] [id=4088]
  0x0000018b3d1a8ba0 ConcurrentGCThread "G1 Refine#1" [stack: 0x00000054faef0000,0x00000054fb0e0000] [id=11512]
  0x0000018b3d1a9160 ConcurrentGCThread "G1 Refine#2" [stack: 0x00000054fb0e0000,0x00000054fb2d0000] [id=14748]
  0x0000018b542f0660 ConcurrentGCThread "G1 Service" [stack: 0x00000054f8070000,0x00000054f8260000] [id=1796]

Threads with active compile tasks:

VM state: not at safepoint (normal execution)

VM Mutex/Monitor currently owned by a thread: None

Heap address: 0x00000000c0000000, size: 1024 MB, Compressed Oops mode: 32-bit

CDS archive(s) mapped at: [0x0000018b73000000-0x0000018b73bd0000-0x0000018b73bd0000), size 12386304, SharedBaseAddress: 0x0000018b73000000, ArchiveRelocationMode: 1.
Compressed class space mapped at: 0x0000018b74000000-0x0000018bb4000000, reserved size: 1073741824
Narrow klass base: 0x0000018b73000000, Narrow klass shift: 0, Narrow klass range: 0x100000000

GC Precious Log:
 CPUs: 12 total, 12 available
 Memory: 32599M
 Large Page Support: Disabled
 NUMA Support: Disabled
 Compressed Oops: Enabled (32-bit)
 Heap Region Size: 1M
 Heap Min Capacity: 8M
 Heap Initial Capacity: 510M
 Heap Max Capacity: 1G
 Pre-touch: Disabled
 Parallel Workers: 10
 Concurrent Workers: 3
 Concurrent Refinement Workers: 10
 Periodic GC: Disabled

Heap:
 garbage-first heap   total 242688K, used 97521K [0x00000000c0000000, 0x0000000100000000)
  region size 1024K, 19 young (19456K), 0 survivors (0K)
 Metaspace       used 10110K, committed 10304K, reserved 1114112K
  class space    used 1532K, committed 1664K, reserved 1048576K

Heap Regions: E=young(eden), S=young(survivor), O=old, HS=humongous(starts), HC=humongous(continues), CS=collection set, F=free, OA=open archive, CA=closed archive, TAMS=top-at-mark-start (previous, next)
|   0|0x00000000c0000000, 0x00000000c00ffff8, 0x00000000c0100000| 99%| O|  |TAMS 0x00000000c00ffff8, 0x00000000c0000000| Untracked 
|   1|0x00000000c0100000, 0x00000000c01ffff8, 0x00000000c0200000| 99%| O|  |TAMS 0x00000000c01ffff8, 0x00000000c0100000| Untracked 
|   2|0x00000000c0200000, 0x00000000c02ffff0, 0x00000000c0300000| 99%| O|  |TAMS 0x00000000c02ffff0, 0x00000000c0200000| Untracked 
|   3|0x00000000c0300000, 0x00000000c03fffe8, 0x00000000c0400000| 99%| O|  |TAMS 0x00000000c03fffe8, 0x00000000c0300000| Untracked 
|   4|0x00000000c0400000, 0x00000000c04ffff0, 0x00000000c0500000| 99%| O|  |TAMS 0x00000000c04ffff0, 0x00000000c0400000| Untracked 
|   5|0x00000000c0500000, 0x00000000c05fffd0, 0x00000000c0600000| 99%| O|  |TAMS 0x00000000c05fffd0, 0x00000000c0500000| Untracked 
|   6|0x00000000c0600000, 0x00000000c06fffe8, 0x00000000c0700000| 99%| O|  |TAMS 0x00000000c06fffe8, 0x00000000c0600000| Untracked 
|   7|0x00000000c0700000, 0x00000000c0800000, 0x00000000c0800000|100%| O|  |TAMS 0x00000000c0800000, 0x00000000c0700000| Untracked 
|   8|0x00000000c0800000, 0x00000000c0900000, 0x00000000c0900000|100%| O|  |TAMS 0x00000000c0900000, 0x00000000c0800000| Untracked 
|   9|0x00000000c0900000, 0x00000000c09ffff0, 0x00000000c0a00000| 99%| O|  |TAMS 0x00000000c09ffff0, 0x00000000c0900000| Untracked 
|  10|0x00000000c0a00000, 0x00000000c0b00000, 0x00000000c0b00000|100%| O|  |TAMS 0x00000000c0b00000, 0x00000000c0a00000| Untracked 
|  11|0x00000000c0b00000, 0x00000000c0c00000, 0x00000000c0c00000|100%|HS|  |TAMS 0x00000000c0c00000, 0x00000000c0b00000| Untracked 
|  12|0x00000000c0c00000, 0x00000000c0d00000, 0x00000000c0d00000|100%|HC|  |TAMS 0x00000000c0d00000, 0x00000000c0c00000| Untracked 
|  13|0x00000000c0d00000, 0x00000000c0e00000, 0x00000000c0e00000|100%| O|  |TAMS 0x00000000c0e00000, 0x00000000c0d00000| Untracked 
|  14|0x00000000c0e00000, 0x00000000c0effff8, 0x00000000c0f00000| 99%| O|  |TAMS 0x00000000c0effff8, 0x00000000c0e00000| Untracked 
|  15|0x00000000c0f00000, 0x00000000c0fffff0, 0x00000000c1000000| 99%| O|  |TAMS 0x00000000c0fffff0, 0x00000000c0f00000| Untracked 
|  16|0x00000000c1000000, 0x00000000c10ffff8, 0x00000000c1100000| 99%| O|  |TAMS 0x00000000c10ffff8, 0x00000000c1000000| Untracked 
|  17|0x00000000c1100000, 0x00000000c1200000, 0x00000000c1200000|100%|HS|  |TAMS 0x00000000c1200000, 0x00000000c1100000| Untracked 
|  18|0x00000000c1200000, 0x00000000c1300000, 0x00000000c1300000|100%|HC|  |TAMS 0x00000000c1300000, 0x00000000c1200000| Untracked 
|  19|0x00000000c1300000, 0x00000000c1400000, 0x00000000c1400000|100%| O|  |TAMS 0x00000000c1400000, 0x00000000c1300000| Untracked 
|  20|0x00000000c1400000, 0x00000000c14ffff0, 0x00000000c1500000| 99%| O|  |TAMS 0x00000000c14ffff0, 0x00000000c1400000| Untracked 
|  21|0x00000000c1500000, 0x00000000c1600000, 0x00000000c1600000|100%| O|  |TAMS 0x00000000c1600000, 0x00000000c1500000| Untracked 
|  22|0x00000000c1600000, 0x00000000c1700000, 0x00000000c1700000|100%|HS|  |TAMS 0x00000000c1700000, 0x00000000c1600000| Untracked 
|  23|0x00000000c1700000, 0x00000000c1800000, 0x00000000c1800000|100%|HS|  |TAMS 0x00000000c1800000, 0x00000000c1700000| Untracked 
|  24|0x00000000c1800000, 0x00000000c1900000, 0x00000000c1900000|100%|HS|  |TAMS 0x00000000c1900000, 0x00000000c1800000| Untracked 
|  25|0x00000000c1900000, 0x00000000c1a00000, 0x00000000c1a00000|100%| O|  |TAMS 0x00000000c1a00000, 0x00000000c1900000| Untracked 
|  26|0x00000000c1a00000, 0x00000000c1b00000, 0x00000000c1b00000|100%| O|  |TAMS 0x00000000c1b00000, 0x00000000c1a00000| Untracked 
|  27|0x00000000c1b00000, 0x00000000c1bffff8, 0x00000000c1c00000| 99%| O|  |TAMS 0x00000000c1bffff8, 0x00000000c1b00000| Untracked 
|  28|0x00000000c1c00000, 0x00000000c1d00000, 0x00000000c1d00000|100%| O|  |TAMS 0x00000000c1d00000, 0x00000000c1c00000| Untracked 
|  29|0x00000000c1d00000, 0x00000000c1dfffe8, 0x00000000c1e00000| 99%| O|  |TAMS 0x00000000c1dfffe8, 0x00000000c1d00000| Untracked 
|  30|0x00000000c1e00000, 0x00000000c1effff0, 0x00000000c1f00000| 99%| O|  |TAMS 0x00000000c1effff0, 0x00000000c1e00000| Untracked 
|  31|0x00000000c1f00000, 0x00000000c2000000, 0x00000000c2000000|100%|HS|  |TAMS 0x00000000c2000000, 0x00000000c1f00000| Untracked 
|  32|0x00000000c2000000, 0x00000000c2100000, 0x00000000c2100000|100%|HC|  |TAMS 0x00000000c2100000, 0x00000000c2000000| Untracked 
|  33|0x00000000c2100000, 0x00000000c2200000, 0x00000000c2200000|100%|HS|  |TAMS 0x00000000c2200000, 0x00000000c2100000| Untracked 
|  34|0x00000000c2200000, 0x00000000c2300000, 0x00000000c2300000|100%|HC|  |TAMS 0x00000000c2300000, 0x00000000c2200000| Untracked 
|  35|0x00000000c2300000, 0x00000000c2400000, 0x00000000c2400000|100%| O|  |TAMS 0x00000000c2400000, 0x00000000c2300000| Untracked 
|  36|0x00000000c2400000, 0x00000000c2500000, 0x00000000c2500000|100%| O|  |TAMS 0x00000000c2500000, 0x00000000c2400000| Untracked 
|  37|0x00000000c2500000, 0x00000000c25ffff0, 0x00000000c2600000| 99%| O|  |TAMS 0x00000000c2500000, 0x00000000c2500000| Untracked 
|  38|0x00000000c2600000, 0x00000000c2700000, 0x00000000c2700000|100%|HS|  |TAMS 0x00000000c2700000, 0x00000000c2600000| Untracked 
|  39|0x00000000c2700000, 0x00000000c2800000, 0x00000000c2800000|100%|HC|  |TAMS 0x00000000c2800000, 0x00000000c2700000| Untracked 
|  40|0x00000000c2800000, 0x00000000c2900000, 0x00000000c2900000|100%|HS|  |TAMS 0x00000000c2900000, 0x00000000c2800000| Untracked 
|  41|0x00000000c2900000, 0x00000000c2a00000, 0x00000000c2a00000|100%|HC|  |TAMS 0x00000000c2a00000, 0x00000000c2900000| Untracked 
|  42|0x00000000c2a00000, 0x00000000c2b00000, 0x00000000c2b00000|100%| O|  |TAMS 0x00000000c2b00000, 0x00000000c2a00000| Untracked 
|  43|0x00000000c2b00000, 0x00000000c2c00000, 0x00000000c2c00000|100%| O|  |TAMS 0x00000000c2c00000, 0x00000000c2b00000| Untracked 
|  44|0x00000000c2c00000, 0x00000000c2d00000, 0x00000000c2d00000|100%| O|  |TAMS 0x00000000c2d00000, 0x00000000c2c00000| Untracked 
|  45|0x00000000c2d00000, 0x00000000c2e00000, 0x00000000c2e00000|100%| O|  |TAMS 0x00000000c2e00000, 0x00000000c2d00000| Untracked 
|  46|0x00000000c2e00000, 0x00000000c2efffe8, 0x00000000c2f00000| 99%| O|  |TAMS 0x00000000c2efffe8, 0x00000000c2e00000| Untracked 
|  47|0x00000000c2f00000, 0x00000000c2fffff8, 0x00000000c3000000| 99%| O|  |TAMS 0x00000000c2fffff8, 0x00000000c2f00000| Untracked 
|  48|0x00000000c3000000, 0x00000000c3100000, 0x00000000c3100000|100%| O|  |TAMS 0x00000000c3000000, 0x00000000c3000000| Untracked 
|  49|0x00000000c3100000, 0x00000000c31ffff8, 0x00000000c3200000| 99%| O|  |TAMS 0x00000000c3100000, 0x00000000c3100000| Untracked 
|  50|0x00000000c3200000, 0x00000000c32ffff8, 0x00000000c3300000| 99%| O|  |TAMS 0x00000000c3200000, 0x00000000c3200000| Untracked 
|  51|0x00000000c3300000, 0x00000000c3400000, 0x00000000c3400000|100%| O|  |TAMS 0x00000000c3400000, 0x00000000c3300000| Untracked 
|  52|0x00000000c3400000, 0x00000000c3500000, 0x00000000c3500000|100%| O|  |TAMS 0x00000000c3500000, 0x00000000c3400000| Untracked 
|  53|0x00000000c3500000, 0x00000000c3600000, 0x00000000c3600000|100%| O|  |TAMS 0x00000000c3600000, 0x00000000c3500000| Untracked 
|  54|0x00000000c3600000, 0x00000000c3700000, 0x00000000c3700000|100%| O|  |TAMS 0x00000000c3600000, 0x00000000c3600000| Untracked 
|  55|0x00000000c3700000, 0x00000000c37fffe8, 0x00000000c3800000| 99%| O|  |TAMS 0x00000000c3700000, 0x00000000c3700000| Untracked 
|  56|0x00000000c3800000, 0x00000000c3900000, 0x00000000c3900000|100%| O|  |TAMS 0x00000000c3800000, 0x00000000c3800000| Untracked 
|  57|0x00000000c3900000, 0x00000000c39ffff8, 0x00000000c3a00000| 99%| O|  |TAMS 0x00000000c3900000, 0x00000000c3900000| Untracked 
|  58|0x00000000c3a00000, 0x00000000c3b00000, 0x00000000c3b00000|100%| O|  |TAMS 0x00000000c3a00000, 0x00000000c3a00000| Untracked 
|  59|0x00000000c3b00000, 0x00000000c3bffff0, 0x00000000c3c00000| 99%| O|  |TAMS 0x00000000c3b00000, 0x00000000c3b00000| Untracked 
|  60|0x00000000c3c00000, 0x00000000c3cffff0, 0x00000000c3d00000| 99%| O|  |TAMS 0x00000000c3c00000, 0x00000000c3c00000| Untracked 
|  61|0x00000000c3d00000, 0x00000000c3dffff0, 0x00000000c3e00000| 99%| O|  |TAMS 0x00000000c3d00000, 0x00000000c3d00000| Untracked 
|  62|0x00000000c3e00000, 0x00000000c3effff0, 0x00000000c3f00000| 99%| O|  |TAMS 0x00000000c3e00000, 0x00000000c3e00000| Untracked 
|  63|0x00000000c3f00000, 0x00000000c3fffff8, 0x00000000c4000000| 99%| O|  |TAMS 0x00000000c3f00000, 0x00000000c3f00000| Untracked 
|  64|0x00000000c4000000, 0x00000000c40ffff8, 0x00000000c4100000| 99%| O|  |TAMS 0x00000000c4000000, 0x00000000c4000000| Untracked 
|  65|0x00000000c4100000, 0x00000000c41fffe8, 0x00000000c4200000| 99%| O|  |TAMS 0x00000000c4100000, 0x00000000c4100000| Untracked 
|  66|0x00000000c4200000, 0x00000000c4210c98, 0x00000000c4300000|  6%| O|  |TAMS 0x00000000c4200000, 0x00000000c4200000| Untracked 
|  67|0x00000000c4300000, 0x00000000c4300000, 0x00000000c4400000|  0%| F|  |TAMS 0x00000000c4300000, 0x00000000c4300000| Untracked 
|  68|0x00000000c4400000, 0x00000000c4400000, 0x00000000c4500000|  0%| F|  |TAMS 0x00000000c4400000, 0x00000000c4400000| Untracked 
|  69|0x00000000c4500000, 0x00000000c4600000, 0x00000000c4600000|100%| O|  |TAMS 0x00000000c4500000, 0x00000000c4500000| Untracked 
|  70|0x00000000c4600000, 0x00000000c4600000, 0x00000000c4700000|  0%| F|  |TAMS 0x00000000c4600000, 0x00000000c4600000| Untracked 
|  71|0x00000000c4700000, 0x00000000c4800000, 0x00000000c4800000|100%| O|  |TAMS 0x00000000c4700000, 0x00000000c4700000| Untracked 
|  72|0x00000000c4800000, 0x00000000c4800000, 0x00000000c4900000|  0%| F|  |TAMS 0x00000000c4800000, 0x00000000c4800000| Untracked 
|  73|0x00000000c4900000, 0x00000000c49ffff0, 0x00000000c4a00000| 99%| O|  |TAMS 0x00000000c4900000, 0x00000000c4900000| Untracked 
|  74|0x00000000c4a00000, 0x00000000c4a00000, 0x00000000c4b00000|  0%| F|  |TAMS 0x00000000c4a00000, 0x00000000c4a00000| Untracked 
|  75|0x00000000c4b00000, 0x00000000c4b06648, 0x00000000c4c00000|  2%| O|  |TAMS 0x00000000c4b00000, 0x00000000c4b00000| Untracked 
|  76|0x00000000c4c00000, 0x00000000c4c00000, 0x00000000c4d00000|  0%| F|  |TAMS 0x00000000c4c00000, 0x00000000c4c00000| Untracked 
|  77|0x00000000c4d00000, 0x00000000c4d00000, 0x00000000c4e00000|  0%| F|  |TAMS 0x00000000c4d00000, 0x00000000c4d00000| Untracked 
|  78|0x00000000c4e00000, 0x00000000c4e00000, 0x00000000c4f00000|  0%| F|  |TAMS 0x00000000c4e00000, 0x00000000c4e00000| Untracked 
|  79|0x00000000c4f00000, 0x00000000c4f00000, 0x00000000c5000000|  0%| F|  |TAMS 0x00000000c4f00000, 0x00000000c4f00000| Untracked 
|  80|0x00000000c5000000, 0x00000000c5000000, 0x00000000c5100000|  0%| F|  |TAMS 0x00000000c5000000, 0x00000000c5000000| Untracked 
|  81|0x00000000c5100000, 0x00000000c5100000, 0x00000000c5200000|  0%| F|  |TAMS 0x00000000c5100000, 0x00000000c5100000| Untracked 
|  82|0x00000000c5200000, 0x00000000c52ffff8, 0x00000000c5300000| 99%| O|  |TAMS 0x00000000c52ffff8, 0x00000000c5200000| Untracked 
|  83|0x00000000c5300000, 0x00000000c53ffff8, 0x00000000c5400000| 99%| O|  |TAMS 0x00000000c5300000, 0x00000000c5300000| Untracked 
|  84|0x00000000c5400000, 0x00000000c5500000, 0x00000000c5500000|100%| O|  |TAMS 0x00000000c5400000, 0x00000000c5400000| Untracked 
|  85|0x00000000c5500000, 0x00000000c5600000, 0x00000000c5600000|100%| O|  |TAMS 0x00000000c5600000, 0x00000000c5500000| Untracked 
|  86|0x00000000c5600000, 0x00000000c5697188, 0x00000000c5700000| 59%| O|  |TAMS 0x00000000c5600000, 0x00000000c5600000| Untracked 
|  87|0x00000000c5700000, 0x00000000c57ffff0, 0x00000000c5800000| 99%| O|  |TAMS 0x00000000c5700000, 0x00000000c5700000| Untracked 
|  88|0x00000000c5800000, 0x00000000c5900000, 0x00000000c5900000|100%| O|  |TAMS 0x00000000c5800000, 0x00000000c5800000| Untracked 
|  89|0x00000000c5900000, 0x00000000c59ffff8, 0x00000000c5a00000| 99%| O|  |TAMS 0x00000000c5900000, 0x00000000c5900000| Untracked 
|  90|0x00000000c5a00000, 0x00000000c5a37700, 0x00000000c5b00000| 21%| O|  |TAMS 0x00000000c5a00000, 0x00000000c5a00000| Untracked 
|  91|0x00000000c5b00000, 0x00000000c5b00000, 0x00000000c5c00000|  0%| F|  |TAMS 0x00000000c5b00000, 0x00000000c5b00000| Untracked 
|  92|0x00000000c5c00000, 0x00000000c5c00000, 0x00000000c5d00000|  0%| F|  |TAMS 0x00000000c5c00000, 0x00000000c5c00000| Untracked 
|  93|0x00000000c5d00000, 0x00000000c5d00000, 0x00000000c5e00000|  0%| F|  |TAMS 0x00000000c5d00000, 0x00000000c5d00000| Untracked 
|  94|0x00000000c5e00000, 0x00000000c5e00000, 0x00000000c5f00000|  0%| F|  |TAMS 0x00000000c5e00000, 0x00000000c5e00000| Untracked 
|  95|0x00000000c5f00000, 0x00000000c5f00000, 0x00000000c6000000|  0%| F|  |TAMS 0x00000000c5f00000, 0x00000000c5f00000| Untracked 
|  96|0x00000000c6000000, 0x00000000c6000000, 0x00000000c6100000|  0%| F|  |TAMS 0x00000000c6000000, 0x00000000c6000000| Untracked 
|  97|0x00000000c6100000, 0x00000000c6100000, 0x00000000c6200000|  0%| F|  |TAMS 0x00000000c6100000, 0x00000000c6100000| Untracked 
|  98|0x00000000c6200000, 0x00000000c6200000, 0x00000000c6300000|  0%| F|  |TAMS 0x00000000c6200000, 0x00000000c6200000| Untracked 
|  99|0x00000000c6300000, 0x00000000c6300000, 0x00000000c6400000|  0%| F|  |TAMS 0x00000000c6300000, 0x00000000c6300000| Untracked 
| 100|0x00000000c6400000, 0x00000000c6400000, 0x00000000c6500000|  0%| F|  |TAMS 0x00000000c6400000, 0x00000000c6400000| Untracked 
| 101|0x00000000c6500000, 0x00000000c6500000, 0x00000000c6600000|  0%| F|  |TAMS 0x00000000c6500000, 0x00000000c6500000| Untracked 
| 102|0x00000000c6600000, 0x00000000c6600000, 0x00000000c6700000|  0%| F|  |TAMS 0x00000000c6600000, 0x00000000c6600000| Untracked 
| 103|0x00000000c6700000, 0x00000000c6700000, 0x00000000c6800000|  0%| F|  |TAMS 0x00000000c6700000, 0x00000000c6700000| Untracked 
| 104|0x00000000c6800000, 0x00000000c6800000, 0x00000000c6900000|  0%| F|  |TAMS 0x00000000c6800000, 0x00000000c6800000| Untracked 
| 105|0x00000000c6900000, 0x00000000c6900000, 0x00000000c6a00000|  0%| F|  |TAMS 0x00000000c6900000, 0x00000000c6900000| Untracked 
| 106|0x00000000c6a00000, 0x00000000c6a00000, 0x00000000c6b00000|  0%| F|  |TAMS 0x00000000c6a00000, 0x00000000c6a00000| Untracked 
| 107|0x00000000c6b00000, 0x00000000c6b00000, 0x00000000c6c00000|  0%| F|  |TAMS 0x00000000c6b00000, 0x00000000c6b00000| Untracked 
| 108|0x00000000c6c00000, 0x00000000c6c00000, 0x00000000c6d00000|  0%| F|  |TAMS 0x00000000c6c00000, 0x00000000c6c00000| Untracked 
| 109|0x00000000c6d00000, 0x00000000c6d00000, 0x00000000c6e00000|  0%| F|  |TAMS 0x00000000c6d00000, 0x00000000c6d00000| Untracked 
| 110|0x00000000c6e00000, 0x00000000c6e00000, 0x00000000c6f00000|  0%| F|  |TAMS 0x00000000c6e00000, 0x00000000c6e00000| Untracked 
| 111|0x00000000c6f00000, 0x00000000c6f00000, 0x00000000c7000000|  0%| F|  |TAMS 0x00000000c6f00000, 0x00000000c6f00000| Untracked 
| 112|0x00000000c7000000, 0x00000000c7000000, 0x00000000c7100000|  0%| F|  |TAMS 0x00000000c7000000, 0x00000000c7000000| Untracked 
| 113|0x00000000c7100000, 0x00000000c7100000, 0x00000000c7200000|  0%| F|  |TAMS 0x00000000c7100000, 0x00000000c7100000| Untracked 
| 114|0x00000000c7200000, 0x00000000c7200000, 0x00000000c7300000|  0%| F|  |TAMS 0x00000000c7200000, 0x00000000c7200000| Untracked 
| 115|0x00000000c7300000, 0x00000000c7356be0, 0x00000000c7400000| 33%| O|  |TAMS 0x00000000c7300000, 0x00000000c7300000| Untracked 
| 116|0x00000000c7400000, 0x00000000c7400000, 0x00000000c7500000|  0%| F|  |TAMS 0x00000000c7400000, 0x00000000c7400000| Untracked 
| 117|0x00000000c7500000, 0x00000000c7500000, 0x00000000c7600000|  0%| F|  |TAMS 0x00000000c7500000, 0x00000000c7500000| Untracked 
| 118|0x00000000c7600000, 0x00000000c7600000, 0x00000000c7700000|  0%| F|  |TAMS 0x00000000c7600000, 0x00000000c7600000| Untracked 
| 119|0x00000000c7700000, 0x00000000c7700000, 0x00000000c7800000|  0%| F|  |TAMS 0x00000000c7700000, 0x00000000c7700000| Untracked 
| 120|0x00000000c7800000, 0x00000000c7800000, 0x00000000c7900000|  0%| F|  |TAMS 0x00000000c7800000, 0x00000000c7800000| Untracked 
| 121|0x00000000c7900000, 0x00000000c7900000, 0x00000000c7a00000|  0%| F|  |TAMS 0x00000000c7900000, 0x00000000c7900000| Untracked 
| 122|0x00000000c7a00000, 0x00000000c7a00000, 0x00000000c7b00000|  0%| F|  |TAMS 0x00000000c7a00000, 0x00000000c7a00000| Untracked 
| 123|0x00000000c7b00000, 0x00000000c7b00000, 0x00000000c7c00000|  0%| F|  |TAMS 0x00000000c7b00000, 0x00000000c7b00000| Untracked 
| 124|0x00000000c7c00000, 0x00000000c7c00000, 0x00000000c7d00000|  0%| F|  |TAMS 0x00000000c7c00000, 0x00000000c7c00000| Untracked 
| 125|0x00000000c7d00000, 0x00000000c7d00000, 0x00000000c7e00000|  0%| F|  |TAMS 0x00000000c7d00000, 0x00000000c7d00000| Untracked 
| 126|0x00000000c7e00000, 0x00000000c7e00000, 0x00000000c7f00000|  0%| F|  |TAMS 0x00000000c7e00000, 0x00000000c7e00000| Untracked 
| 127|0x00000000c7f00000, 0x00000000c7f00000, 0x00000000c8000000|  0%| F|  |TAMS 0x00000000c7f00000, 0x00000000c7f00000| Untracked 
| 128|0x00000000c8000000, 0x00000000c8000000, 0x00000000c8100000|  0%| F|  |TAMS 0x00000000c8000000, 0x00000000c8000000| Untracked 
| 129|0x00000000c8100000, 0x00000000c8100000, 0x00000000c8200000|  0%| F|  |TAMS 0x00000000c8100000, 0x00000000c8100000| Untracked 
| 130|0x00000000c8200000, 0x00000000c8200000, 0x00000000c8300000|  0%| F|  |TAMS 0x00000000c8200000, 0x00000000c8200000| Untracked 
| 131|0x00000000c8300000, 0x00000000c8300000, 0x00000000c8400000|  0%| F|  |TAMS 0x00000000c8300000, 0x00000000c8300000| Untracked 
| 132|0x00000000c8400000, 0x00000000c8400000, 0x00000000c8500000|  0%| F|  |TAMS 0x00000000c8400000, 0x00000000c8400000| Untracked 
| 133|0x00000000c8500000, 0x00000000c8500000, 0x00000000c8600000|  0%| F|  |TAMS 0x00000000c8500000, 0x00000000c8500000| Untracked 
| 134|0x00000000c8600000, 0x00000000c8600000, 0x00000000c8700000|  0%| F|  |TAMS 0x00000000c8600000, 0x00000000c8600000| Untracked 
| 135|0x00000000c8700000, 0x00000000c8700000, 0x00000000c8800000|  0%| F|  |TAMS 0x00000000c8700000, 0x00000000c8700000| Untracked 
| 136|0x00000000c8800000, 0x00000000c8800000, 0x00000000c8900000|  0%| F|  |TAMS 0x00000000c8800000, 0x00000000c8800000| Untracked 
| 137|0x00000000c8900000, 0x00000000c8900000, 0x00000000c8a00000|  0%| F|  |TAMS 0x00000000c8900000, 0x00000000c8900000| Untracked 
| 138|0x00000000c8a00000, 0x00000000c8a00000, 0x00000000c8b00000|  0%| F|  |TAMS 0x00000000c8a00000, 0x00000000c8a00000| Untracked 
| 139|0x00000000c8b00000, 0x00000000c8b00000, 0x00000000c8c00000|  0%| F|  |TAMS 0x00000000c8b00000, 0x00000000c8b00000| Untracked 
| 140|0x00000000c8c00000, 0x00000000c8c00000, 0x00000000c8d00000|  0%| F|  |TAMS 0x00000000c8c00000, 0x00000000c8c00000| Untracked 
| 141|0x00000000c8d00000, 0x00000000c8d00000, 0x00000000c8e00000|  0%| F|  |TAMS 0x00000000c8d00000, 0x00000000c8d00000| Untracked 
| 142|0x00000000c8e00000, 0x00000000c8e00000, 0x00000000c8f00000|  0%| F|  |TAMS 0x00000000c8e00000, 0x00000000c8e00000| Untracked 
| 143|0x00000000c8f00000, 0x00000000c8f00000, 0x00000000c9000000|  0%| F|  |TAMS 0x00000000c8f00000, 0x00000000c8f00000| Untracked 
| 144|0x00000000c9000000, 0x00000000c9000000, 0x00000000c9100000|  0%| F|  |TAMS 0x00000000c9000000, 0x00000000c9000000| Untracked 
| 145|0x00000000c9100000, 0x00000000c9100000, 0x00000000c9200000|  0%| F|  |TAMS 0x00000000c9100000, 0x00000000c9100000| Untracked 
| 146|0x00000000c9200000, 0x00000000c9200000, 0x00000000c9300000|  0%| F|  |TAMS 0x00000000c9200000, 0x00000000c9200000| Untracked 
| 147|0x00000000c9300000, 0x00000000c9300000, 0x00000000c9400000|  0%| F|  |TAMS 0x00000000c9300000, 0x00000000c9300000| Untracked 
| 148|0x00000000c9400000, 0x00000000c9400000, 0x00000000c9500000|  0%| F|  |TAMS 0x00000000c9400000, 0x00000000c9400000| Untracked 
| 149|0x00000000c9500000, 0x00000000c9500000, 0x00000000c9600000|  0%| F|  |TAMS 0x00000000c9500000, 0x00000000c9500000| Untracked 
| 150|0x00000000c9600000, 0x00000000c9600000, 0x00000000c9700000|  0%| F|  |TAMS 0x00000000c9600000, 0x00000000c9600000| Untracked 
| 151|0x00000000c9700000, 0x00000000c9700000, 0x00000000c9800000|  0%| F|  |TAMS 0x00000000c9700000, 0x00000000c9700000| Untracked 
| 152|0x00000000c9800000, 0x00000000c9800000, 0x00000000c9900000|  0%| F|  |TAMS 0x00000000c9800000, 0x00000000c9800000| Untracked 
| 153|0x00000000c9900000, 0x00000000c9900000, 0x00000000c9a00000|  0%| F|  |TAMS 0x00000000c9900000, 0x00000000c9900000| Untracked 
| 154|0x00000000c9a00000, 0x00000000c9a00000, 0x00000000c9b00000|  0%| F|  |TAMS 0x00000000c9a00000, 0x00000000c9a00000| Untracked 
| 155|0x00000000c9b00000, 0x00000000c9b00000, 0x00000000c9c00000|  0%| F|  |TAMS 0x00000000c9b00000, 0x00000000c9b00000| Untracked 
| 156|0x00000000c9c00000, 0x00000000c9c00000, 0x00000000c9d00000|  0%| F|  |TAMS 0x00000000c9c00000, 0x00000000c9c00000| Untracked 
| 157|0x00000000c9d00000, 0x00000000c9d00000, 0x00000000c9e00000|  0%| F|  |TAMS 0x00000000c9d00000, 0x00000000c9d00000| Untracked 
| 158|0x00000000c9e00000, 0x00000000c9e00000, 0x00000000c9f00000|  0%| F|  |TAMS 0x00000000c9e00000, 0x00000000c9e00000| Untracked 
| 159|0x00000000c9f00000, 0x00000000c9f00000, 0x00000000ca000000|  0%| F|  |TAMS 0x00000000c9f00000, 0x00000000c9f00000| Untracked 
| 160|0x00000000ca000000, 0x00000000ca000000, 0x00000000ca100000|  0%| F|  |TAMS 0x00000000ca000000, 0x00000000ca000000| Untracked 
| 161|0x00000000ca100000, 0x00000000ca100000, 0x00000000ca200000|  0%| F|  |TAMS 0x00000000ca100000, 0x00000000ca100000| Untracked 
| 162|0x00000000ca200000, 0x00000000ca200000, 0x00000000ca300000|  0%| F|  |TAMS 0x00000000ca200000, 0x00000000ca200000| Untracked 
| 163|0x00000000ca300000, 0x00000000ca300000, 0x00000000ca400000|  0%| F|  |TAMS 0x00000000ca300000, 0x00000000ca300000| Untracked 
| 164|0x00000000ca400000, 0x00000000ca400000, 0x00000000ca500000|  0%| F|  |TAMS 0x00000000ca400000, 0x00000000ca400000| Untracked 
| 165|0x00000000ca500000, 0x00000000ca500000, 0x00000000ca600000|  0%| F|  |TAMS 0x00000000ca500000, 0x00000000ca500000| Untracked 
| 166|0x00000000ca600000, 0x00000000ca600000, 0x00000000ca700000|  0%| F|  |TAMS 0x00000000ca600000, 0x00000000ca600000| Untracked 
| 167|0x00000000ca700000, 0x00000000ca700000, 0x00000000ca800000|  0%| F|  |TAMS 0x00000000ca700000, 0x00000000ca700000| Untracked 
| 168|0x00000000ca800000, 0x00000000ca800000, 0x00000000ca900000|  0%| F|  |TAMS 0x00000000ca800000, 0x00000000ca800000| Untracked 
| 169|0x00000000ca900000, 0x00000000ca900000, 0x00000000caa00000|  0%| F|  |TAMS 0x00000000ca900000, 0x00000000ca900000| Untracked 
| 170|0x00000000caa00000, 0x00000000caa00000, 0x00000000cab00000|  0%| F|  |TAMS 0x00000000caa00000, 0x00000000caa00000| Untracked 
| 171|0x00000000cab00000, 0x00000000cab00000, 0x00000000cac00000|  0%| F|  |TAMS 0x00000000cab00000, 0x00000000cab00000| Untracked 
| 172|0x00000000cac00000, 0x00000000cac00000, 0x00000000cad00000|  0%| F|  |TAMS 0x00000000cac00000, 0x00000000cac00000| Untracked 
| 173|0x00000000cad00000, 0x00000000cad00000, 0x00000000cae00000|  0%| F|  |TAMS 0x00000000cad00000, 0x00000000cad00000| Untracked 
| 174|0x00000000cae00000, 0x00000000cae00000, 0x00000000caf00000|  0%| F|  |TAMS 0x00000000cae00000, 0x00000000cae00000| Untracked 
| 175|0x00000000caf00000, 0x00000000caf00000, 0x00000000cb000000|  0%| F|  |TAMS 0x00000000caf00000, 0x00000000caf00000| Untracked 
| 176|0x00000000cb000000, 0x00000000cb000000, 0x00000000cb100000|  0%| F|  |TAMS 0x00000000cb000000, 0x00000000cb000000| Untracked 
| 177|0x00000000cb100000, 0x00000000cb100000, 0x00000000cb200000|  0%| F|  |TAMS 0x00000000cb100000, 0x00000000cb100000| Untracked 
| 178|0x00000000cb200000, 0x00000000cb200000, 0x00000000cb300000|  0%| F|  |TAMS 0x00000000cb200000, 0x00000000cb200000| Untracked 
| 179|0x00000000cb300000, 0x00000000cb300000, 0x00000000cb400000|  0%| F|  |TAMS 0x00000000cb300000, 0x00000000cb300000| Untracked 
| 180|0x00000000cb400000, 0x00000000cb400000, 0x00000000cb500000|  0%| F|  |TAMS 0x00000000cb400000, 0x00000000cb400000| Untracked 
| 181|0x00000000cb500000, 0x00000000cb500000, 0x00000000cb600000|  0%| F|  |TAMS 0x00000000cb500000, 0x00000000cb500000| Untracked 
| 182|0x00000000cb600000, 0x00000000cb600000, 0x00000000cb700000|  0%| F|  |TAMS 0x00000000cb600000, 0x00000000cb600000| Untracked 
| 183|0x00000000cb700000, 0x00000000cb700000, 0x00000000cb800000|  0%| F|  |TAMS 0x00000000cb700000, 0x00000000cb700000| Untracked 
| 184|0x00000000cb800000, 0x00000000cb800000, 0x00000000cb900000|  0%| F|  |TAMS 0x00000000cb800000, 0x00000000cb800000| Untracked 
| 185|0x00000000cb900000, 0x00000000cb900000, 0x00000000cba00000|  0%| F|  |TAMS 0x00000000cb900000, 0x00000000cb900000| Untracked 
| 186|0x00000000cba00000, 0x00000000cba00000, 0x00000000cbb00000|  0%| F|  |TAMS 0x00000000cba00000, 0x00000000cba00000| Untracked 
| 187|0x00000000cbb00000, 0x00000000cbb00000, 0x00000000cbc00000|  0%| F|  |TAMS 0x00000000cbb00000, 0x00000000cbb00000| Untracked 
| 188|0x00000000cbc00000, 0x00000000cbc00000, 0x00000000cbd00000|  0%| F|  |TAMS 0x00000000cbc00000, 0x00000000cbc00000| Untracked 
| 189|0x00000000cbd00000, 0x00000000cbd00000, 0x00000000cbe00000|  0%| F|  |TAMS 0x00000000cbd00000, 0x00000000cbd00000| Untracked 
| 190|0x00000000cbe00000, 0x00000000cbe00000, 0x00000000cbf00000|  0%| F|  |TAMS 0x00000000cbe00000, 0x00000000cbe00000| Untracked 
| 191|0x00000000cbf00000, 0x00000000cbf00000, 0x00000000cc000000|  0%| F|  |TAMS 0x00000000cbf00000, 0x00000000cbf00000| Untracked 
| 192|0x00000000cc000000, 0x00000000cc000000, 0x00000000cc100000|  0%| F|  |TAMS 0x00000000cc000000, 0x00000000cc000000| Untracked 
| 193|0x00000000cc100000, 0x00000000cc100000, 0x00000000cc200000|  0%| F|  |TAMS 0x00000000cc100000, 0x00000000cc100000| Untracked 
| 194|0x00000000cc200000, 0x00000000cc200000, 0x00000000cc300000|  0%| F|  |TAMS 0x00000000cc200000, 0x00000000cc200000| Untracked 
| 195|0x00000000cc300000, 0x00000000cc300000, 0x00000000cc400000|  0%| F|  |TAMS 0x00000000cc300000, 0x00000000cc300000| Untracked 
| 196|0x00000000cc400000, 0x00000000cc400000, 0x00000000cc500000|  0%| F|  |TAMS 0x00000000cc400000, 0x00000000cc400000| Untracked 
| 197|0x00000000cc500000, 0x00000000cc500000, 0x00000000cc600000|  0%| F|  |TAMS 0x00000000cc500000, 0x00000000cc500000| Untracked 
| 198|0x00000000cc600000, 0x00000000cc600000, 0x00000000cc700000|  0%| F|  |TAMS 0x00000000cc600000, 0x00000000cc600000| Untracked 
| 199|0x00000000cc700000, 0x00000000cc700000, 0x00000000cc800000|  0%| F|  |TAMS 0x00000000cc700000, 0x00000000cc700000| Untracked 
| 200|0x00000000cc800000, 0x00000000cc800000, 0x00000000cc900000|  0%| F|  |TAMS 0x00000000cc800000, 0x00000000cc800000| Untracked 
| 201|0x00000000cc900000, 0x00000000cc900000, 0x00000000cca00000|  0%| F|  |TAMS 0x00000000cc900000, 0x00000000cc900000| Untracked 
| 202|0x00000000cca00000, 0x00000000cca00000, 0x00000000ccb00000|  0%| F|  |TAMS 0x00000000cca00000, 0x00000000cca00000| Untracked 
| 203|0x00000000ccb00000, 0x00000000ccb00000, 0x00000000ccc00000|  0%| F|  |TAMS 0x00000000ccb00000, 0x00000000ccb00000| Untracked 
| 204|0x00000000ccc00000, 0x00000000ccc00000, 0x00000000ccd00000|  0%| F|  |TAMS 0x00000000ccc00000, 0x00000000ccc00000| Untracked 
| 205|0x00000000ccd00000, 0x00000000ccd00000, 0x00000000cce00000|  0%| F|  |TAMS 0x00000000ccd00000, 0x00000000ccd00000| Untracked 
| 206|0x00000000cce00000, 0x00000000cce00000, 0x00000000ccf00000|  0%| F|  |TAMS 0x00000000cce00000, 0x00000000cce00000| Untracked 
| 207|0x00000000ccf00000, 0x00000000ccf00000, 0x00000000cd000000|  0%| F|  |TAMS 0x00000000ccf00000, 0x00000000ccf00000| Untracked 
| 208|0x00000000cd000000, 0x00000000cd000000, 0x00000000cd100000|  0%| F|  |TAMS 0x00000000cd000000, 0x00000000cd000000| Untracked 
| 209|0x00000000cd100000, 0x00000000cd100000, 0x00000000cd200000|  0%| F|  |TAMS 0x00000000cd100000, 0x00000000cd100000| Untracked 
| 210|0x00000000cd200000, 0x00000000cd200000, 0x00000000cd300000|  0%| F|  |TAMS 0x00000000cd200000, 0x00000000cd200000| Untracked 
| 211|0x00000000cd300000, 0x00000000cd300000, 0x00000000cd400000|  0%| F|  |TAMS 0x00000000cd300000, 0x00000000cd300000| Untracked 
| 212|0x00000000cd400000, 0x00000000cd400000, 0x00000000cd500000|  0%| F|  |TAMS 0x00000000cd400000, 0x00000000cd400000| Untracked 
| 213|0x00000000cd500000, 0x00000000cd500000, 0x00000000cd600000|  0%| F|  |TAMS 0x00000000cd500000, 0x00000000cd500000| Untracked 
| 214|0x00000000cd600000, 0x00000000cd600000, 0x00000000cd700000|  0%| F|  |TAMS 0x00000000cd600000, 0x00000000cd600000| Untracked 
| 215|0x00000000cd700000, 0x00000000cd700000, 0x00000000cd800000|  0%| F|  |TAMS 0x00000000cd700000, 0x00000000cd700000| Untracked 
| 216|0x00000000cd800000, 0x00000000cd800000, 0x00000000cd900000|  0%| F|  |TAMS 0x00000000cd800000, 0x00000000cd800000| Untracked 
| 217|0x00000000cd900000, 0x00000000cd900000, 0x00000000cda00000|  0%| F|  |TAMS 0x00000000cd900000, 0x00000000cd900000| Untracked 
| 218|0x00000000cda00000, 0x00000000cda80800, 0x00000000cdb00000| 50%| E|  |TAMS 0x00000000cda00000, 0x00000000cda00000| Complete 
| 219|0x00000000cdb00000, 0x00000000cdc00000, 0x00000000cdc00000|100%| E|CS|TAMS 0x00000000cdb00000, 0x00000000cdb00000| Complete 
| 220|0x00000000cdc00000, 0x00000000cdd00000, 0x00000000cdd00000|100%| E|CS|TAMS 0x00000000cdc00000, 0x00000000cdc00000| Complete 
| 221|0x00000000cdd00000, 0x00000000cde00000, 0x00000000cde00000|100%| E|CS|TAMS 0x00000000cdd00000, 0x00000000cdd00000| Complete 
| 222|0x00000000cde00000, 0x00000000cdf00000, 0x00000000cdf00000|100%| E|CS|TAMS 0x00000000cde00000, 0x00000000cde00000| Complete 
| 223|0x00000000cdf00000, 0x00000000ce000000, 0x00000000ce000000|100%| E|CS|TAMS 0x00000000cdf00000, 0x00000000cdf00000| Complete 
| 224|0x00000000ce000000, 0x00000000ce100000, 0x00000000ce100000|100%| E|CS|TAMS 0x00000000ce000000, 0x00000000ce000000| Complete 
| 225|0x00000000ce100000, 0x00000000ce200000, 0x00000000ce200000|100%| E|CS|TAMS 0x00000000ce100000, 0x00000000ce100000| Complete 
| 226|0x00000000ce200000, 0x00000000ce300000, 0x00000000ce300000|100%| E|CS|TAMS 0x00000000ce200000, 0x00000000ce200000| Complete 
| 227|0x00000000ce300000, 0x00000000ce400000, 0x00000000ce400000|100%| E|CS|TAMS 0x00000000ce300000, 0x00000000ce300000| Complete 
| 228|0x00000000ce400000, 0x00000000ce500000, 0x00000000ce500000|100%| E|CS|TAMS 0x00000000ce400000, 0x00000000ce400000| Complete 
| 229|0x00000000ce500000, 0x00000000ce600000, 0x00000000ce600000|100%| E|CS|TAMS 0x00000000ce500000, 0x00000000ce500000| Complete 
| 230|0x00000000ce600000, 0x00000000ce700000, 0x00000000ce700000|100%| E|CS|TAMS 0x00000000ce600000, 0x00000000ce600000| Complete 
| 231|0x00000000ce700000, 0x00000000ce800000, 0x00000000ce800000|100%| E|CS|TAMS 0x00000000ce700000, 0x00000000ce700000| Complete 
| 232|0x00000000ce800000, 0x00000000ce900000, 0x00000000ce900000|100%| E|CS|TAMS 0x00000000ce800000, 0x00000000ce800000| Complete 
| 233|0x00000000ce900000, 0x00000000cea00000, 0x00000000cea00000|100%| E|CS|TAMS 0x00000000ce900000, 0x00000000ce900000| Complete 
| 234|0x00000000cea00000, 0x00000000ceb00000, 0x00000000ceb00000|100%| E|CS|TAMS 0x00000000cea00000, 0x00000000cea00000| Complete 
| 235|0x00000000ceb00000, 0x00000000cec00000, 0x00000000cec00000|100%| E|CS|TAMS 0x00000000ceb00000, 0x00000000ceb00000| Complete 
| 236|0x00000000cec00000, 0x00000000ced00000, 0x00000000ced00000|100%| E|CS|TAMS 0x00000000cec00000, 0x00000000cec00000| Complete 

Card table byte_map: [0x0000018b6d490000,0x0000018b6d690000] _byte_map_base: 0x0000018b6ce90000

Marking Bits (Prev, Next): (CMBitMap*) 0x0000018b3d201800, (CMBitMap*) 0x0000018b3d201840
 Prev Bits: [0x0000018b6d890000, 0x0000018b6e890000)
 Next Bits: [0x0000018b6e890000, 0x0000018b6f890000)

Polling page: 0x0000018b3c430000

Metaspace:

Usage:
  Non-class:      8.38 MB used.
      Class:      1.50 MB used.
       Both:      9.87 MB used.

Virtual space:
  Non-class space:       64.00 MB reserved,       8.44 MB ( 13%) committed,  1 nodes.
      Class space:        1.00 GB reserved,       1.62 MB ( <1%) committed,  1 nodes.
             Both:        1.06 GB reserved,      10.06 MB ( <1%) committed. 

Chunk freelists:
   Non-Class:  6.13 MB
       Class:  14.42 MB
        Both:  20.55 MB

MaxMetaspaceSize: unlimited
CompressedClassSpaceSize: 1.00 GB
Initial GC threshold: 21.00 MB
Current GC threshold: 21.00 MB
CDS: on
MetaspaceReclaimPolicy: balanced
 - commit_granule_bytes: 65536.
 - commit_granule_words: 8192.
 - virtual_space_node_default_size: 8388608.
 - enlarge_chunks_in_place: 1.
 - new_chunks_are_fully_committed: 0.
 - uncommit_free_chunks: 1.
 - use_allocation_guard: 0.
 - handle_deallocations: 1.


Internal statistics:

num_allocs_failed_limit: 0.
num_arena_births: 104.
num_arena_deaths: 0.
num_vsnodes_births: 2.
num_vsnodes_deaths: 0.
num_space_committed: 161.
num_space_uncommitted: 0.
num_chunks_returned_to_freelist: 0.
num_chunks_taken_from_freelist: 397.
num_chunk_merges: 0.
num_chunk_splits: 300.
num_chunks_enlarged: 248.
num_purges: 0.
num_inconsistent_stats: 0.

CodeHeap 'non-profiled nmethods': size=120000Kb used=2197Kb max_used=2197Kb free=117803Kb
 bounds [0x0000018b650d0000, 0x0000018b65340000, 0x0000018b6c600000]
CodeHeap 'profiled nmethods': size=120000Kb used=5688Kb max_used=5688Kb free=114311Kb
 bounds [0x0000018b5d600000, 0x0000018b5db90000, 0x0000018b64b30000]
CodeHeap 'non-nmethods': size=5760Kb used=1152Kb max_used=1249Kb free=4607Kb
 bounds [0x0000018b64b30000, 0x0000018b64da0000, 0x0000018b650d0000]
 total_blobs=3814 nmethods=3378 adapters=348
 compilation: enabled
              stopped_count=0, restarted_count=0
 full_count=0

Compilation events (20 events):
Event: 3.107 Thread 0x0000018b542f9370 nmethod 3374 0x0000018b5db8af90 code [0x0000018b5db8b160, 0x0000018b5db8b5d8]
Event: 3.107 Thread 0x0000018b542f9370 3375       3       java.util.stream.ReduceOps$3::makeSink (5 bytes)
Event: 3.107 Thread 0x0000018b542f9370 nmethod 3375 0x0000018b5db8b790 code [0x0000018b5db8b920, 0x0000018b5db8ba68]
Event: 3.107 Thread 0x0000018b542f9370 3365       3       scala.collection.mutable.HashMap::improve (7 bytes)
Event: 3.107 Thread 0x0000018b542f9370 nmethod 3365 0x0000018b5db8bb10 code [0x0000018b5db8bce0, 0x0000018b5db8bfe8]
Event: 3.107 Thread 0x0000018b542f9370 3366       3       scala.collection.mutable.HashTable$HashUtils::improve$ (7 bytes)
Event: 3.107 Thread 0x0000018b542f9370 nmethod 3366 0x0000018b5db8c190 code [0x0000018b5db8c360, 0x0000018b5db8c628]
Event: 3.107 Thread 0x0000018b542f9370 3367       3       scala.collection.mutable.HashTable$HashUtils::improve (12 bytes)
Event: 3.107 Thread 0x0000018b542f9370 nmethod 3367 0x0000018b5db8c810 code [0x0000018b5db8c9c0, 0x0000018b5db8cc38]
Event: 3.107 Thread 0x0000018b542f9370 3376       3       java.util.stream.ReduceOps$3::makeSink (20 bytes)
Event: 3.107 Thread 0x0000018b542f9370 nmethod 3376 0x0000018b5db8cd90 code [0x0000018b5db8cf40, 0x0000018b5db8d2f8]
Event: 3.107 Thread 0x0000018b542f9370 3377       3       java.util.stream.ReduceOps$3ReducingSink::<init> (20 bytes)
Event: 3.107 Thread 0x0000018b542f9370 nmethod 3377 0x0000018b5db8d410 code [0x0000018b5db8d5c0, 0x0000018b5db8d898]
Event: 3.107 Thread 0x0000018b542f9370 3378       3       java.util.stream.ReduceOps$Box::<init> (5 bytes)
Event: 3.107 Thread 0x0000018b542f9370 nmethod 3378 0x0000018b5db8d990 code [0x0000018b5db8db20, 0x0000018b5db8dc78]
Event: 3.107 Thread 0x0000018b542f9370 3379       3       java.util.stream.ReduceOps$3ReducingSink::begin (14 bytes)
Event: 3.108 Thread 0x0000018b542f9370 nmethod 3379 0x0000018b5db8dd10 code [0x0000018b5db8dec0, 0x0000018b5db8e0e8]
Event: 3.108 Thread 0x0000018bb82d4c30 nmethod 3148 0x0000018b652ea710 code [0x0000018b652ea8c0, 0x0000018b652eab98]
Event: 3.108 Thread 0x0000018bb82d4c30 3381       4       java.lang.reflect.Method::copy (84 bytes)
Event: 3.108 Thread 0x0000018b542f8440 nmethod 3380 0x0000018b652eb010 code [0x0000018b652eb200, 0x0000018b652eb688]

GC Heap History (20 events):
Event: 2.083 GC heap before
{Heap before GC invocations=41 (full 15):
 garbage-first heap   total 150528K, used 66498K [0x00000000c0000000, 0x0000000100000000)
  region size 1024K, 22 young (22528K), 7 survivors (7168K)
 Metaspace       used 9343K, committed 9600K, reserved 1114112K
  class space    used 1439K, committed 1536K, reserved 1048576K
}
Event: 2.116 GC heap after
{Heap after GC invocations=42 (full 16):
 garbage-first heap   total 150528K, used 54143K [0x00000000c0000000, 0x0000000100000000)
  region size 1024K, 0 young (0K), 0 survivors (0K)
 Metaspace       used 9343K, committed 9600K, reserved 1114112K
  class space    used 1439K, committed 1536K, reserved 1048576K
}
Event: 2.326 GC heap before
{Heap before GC invocations=42 (full 16):
 garbage-first heap   total 150528K, used 104319K [0x00000000c0000000, 0x0000000100000000)
  region size 1024K, 50 young (51200K), 0 survivors (0K)
 Metaspace       used 9343K, committed 9600K, reserved 1114112K
  class space    used 1439K, committed 1536K, reserved 1048576K
}
Event: 2.333 GC heap after
{Heap after GC invocations=43 (full 16):
 garbage-first heap   total 150528K, used 61311K [0x00000000c0000000, 0x0000000100000000)
  region size 1024K, 7 young (7168K), 7 survivors (7168K)
 Metaspace       used 9343K, committed 9600K, reserved 1114112K
  class space    used 1439K, committed 1536K, reserved 1048576K
}
Event: 2.362 GC heap before
{Heap before GC invocations=43 (full 16):
 garbage-first heap   total 150528K, used 68479K [0x00000000c0000000, 0x0000000100000000)
  region size 1024K, 15 young (15360K), 7 survivors (7168K)
 Metaspace       used 9418K, committed 9664K, reserved 1114112K
  class space    used 1472K, committed 1600K, reserved 1048576K
}
Event: 2.395 GC heap after
{Heap after GC invocations=44 (full 17):
 garbage-first heap   total 150528K, used 60879K [0x00000000c0000000, 0x0000000100000000)
  region size 1024K, 0 young (0K), 0 survivors (0K)
 Metaspace       used 9418K, committed 9664K, reserved 1114112K
  class space    used 1472K, committed 1600K, reserved 1048576K
}
Event: 2.480 GC heap before
{Heap before GC invocations=44 (full 17):
 garbage-first heap   total 150528K, used 109007K [0x00000000c0000000, 0x0000000100000000)
  region size 1024K, 47 young (48128K), 0 survivors (0K)
 Metaspace       used 9428K, committed 9664K, reserved 1114112K
  class space    used 1472K, committed 1600K, reserved 1048576K
}
Event: 2.486 GC heap after
{Heap after GC invocations=45 (full 17):
 garbage-first heap   total 150528K, used 66423K [0x00000000c0000000, 0x0000000100000000)
  region size 1024K, 6 young (6144K), 6 survivors (6144K)
 Metaspace       used 9428K, committed 9664K, reserved 1114112K
  class space    used 1472K, committed 1600K, reserved 1048576K
}
Event: 2.551 GC heap before
{Heap before GC invocations=45 (full 17):
 garbage-first heap   total 150528K, used 112503K [0x00000000c0000000, 0x0000000100000000)
  region size 1024K, 51 young (52224K), 6 survivors (6144K)
 Metaspace       used 9429K, committed 9728K, reserved 1114112K
  class space    used 1472K, committed 1600K, reserved 1048576K
}
Event: 2.559 GC heap after
{Heap after GC invocations=46 (full 17):
 garbage-first heap   total 451584K, used 72004K [0x00000000c0000000, 0x0000000100000000)
  region size 1024K, 6 young (6144K), 6 survivors (6144K)
 Metaspace       used 9429K, committed 9728K, reserved 1114112K
  class space    used 1472K, committed 1600K, reserved 1048576K
}
Event: 2.585 GC heap before
{Heap before GC invocations=46 (full 17):
 garbage-first heap   total 451584K, used 88388K [0x00000000c0000000, 0x0000000100000000)
  region size 1024K, 23 young (23552K), 6 survivors (6144K)
 Metaspace       used 9430K, committed 9728K, reserved 1114112K
  class space    used 1472K, committed 1600K, reserved 1048576K
}
Event: 2.603 GC heap after
{Heap after GC invocations=47 (full 18):
 garbage-first heap   total 245760K, used 68600K [0x00000000c0000000, 0x0000000100000000)
  region size 1024K, 0 young (0K), 0 survivors (0K)
 Metaspace       used 9430K, committed 9728K, reserved 1114112K
  class space    used 1472K, committed 1600K, reserved 1048576K
}
Event: 2.625 GC heap before
{Heap before GC invocations=47 (full 18):
 garbage-first heap   total 245760K, used 79864K [0x00000000c0000000, 0x0000000100000000)
  region size 1024K, 12 young (12288K), 0 survivors (0K)
 Metaspace       used 9430K, committed 9728K, reserved 1114112K
  class space    used 1472K, committed 1600K, reserved 1048576K
}
Event: 2.645 GC heap after
{Heap after GC invocations=48 (full 19):
 garbage-first heap   total 242688K, used 69947K [0x00000000c0000000, 0x0000000100000000)
  region size 1024K, 0 young (0K), 0 survivors (0K)
 Metaspace       used 9430K, committed 9728K, reserved 1114112K
  class space    used 1472K, committed 1600K, reserved 1048576K
}
Event: 2.669 GC heap before
{Heap before GC invocations=48 (full 19):
 garbage-first heap   total 242688K, used 85307K [0x00000000c0000000, 0x0000000100000000)
  region size 1024K, 16 young (16384K), 0 survivors (0K)
 Metaspace       used 9430K, committed 9728K, reserved 1114112K
  class space    used 1472K, committed 1600K, reserved 1048576K
}
Event: 2.690 GC heap after
{Heap after GC invocations=49 (full 20):
 garbage-first heap   total 242688K, used 71836K [0x00000000c0000000, 0x0000000100000000)
  region size 1024K, 0 young (0K), 0 survivors (0K)
 Metaspace       used 9430K, committed 9728K, reserved 1114112K
  class space    used 1472K, committed 1600K, reserved 1048576K
}
Event: 2.898 GC heap before
{Heap before GC invocations=49 (full 20):
 garbage-first heap   total 242688K, used 184476K [0x00000000c0000000, 0x0000000100000000)
  region size 1024K, 110 young (112640K), 0 survivors (0K)
 Metaspace       used 9432K, committed 9728K, reserved 1114112K
  class space    used 1472K, committed 1600K, reserved 1048576K
}
Event: 2.907 GC heap after
{Heap after GC invocations=50 (full 20):
 garbage-first heap   total 242688K, used 84549K [0x00000000c0000000, 0x0000000100000000)
  region size 1024K, 13 young (13312K), 13 survivors (13312K)
 Metaspace       used 9432K, committed 9728K, reserved 1114112K
  class space    used 1472K, committed 1600K, reserved 1048576K
}
Event: 2.933 GC heap before
{Heap before GC invocations=50 (full 20):
 garbage-first heap   total 242688K, used 95813K [0x00000000c0000000, 0x0000000100000000)
  region size 1024K, 25 young (25600K), 13 survivors (13312K)
 Metaspace       used 9478K, committed 9728K, reserved 1114112K
  class space    used 1483K, committed 1600K, reserved 1048576K
}
Event: 2.971 GC heap after
{Heap after GC invocations=51 (full 21):
 garbage-first heap   total 242688K, used 79089K [0x00000000c0000000, 0x0000000100000000)
  region size 1024K, 0 young (0K), 0 survivors (0K)
 Metaspace       used 9478K, committed 9728K, reserved 1114112K
  class space    used 1483K, committed 1600K, reserved 1048576K
}

Deoptimization events (20 events):
Event: 3.063 Thread 0x0000018b54453cf0 Uncommon trap: trap_request=0xffffff45 fr.pc=0x0000018b6522c25c relative=0x00000000000001bc
Event: 3.063 Thread 0x0000018b54453cf0 Uncommon trap: reason=unstable_if action=reinterpret pc=0x0000018b6522c25c method=java.lang.StringUTF16.indexOfLatin1Unsafe([BI[BII)I @ 110 c2
Event: 3.063 Thread 0x0000018b54453cf0 DEOPT PACKING pc=0x0000018b6522c25c sp=0x00000054f41ea230
Event: 3.063 Thread 0x0000018b54453cf0 DEOPT UNPACKING pc=0x0000018b64b823a3 sp=0x00000054f41ea1b8 mode 2
Event: 3.075 Thread 0x0000018b54453cf0 Uncommon trap: trap_request=0xffffffde fr.pc=0x0000018b651e7c50 relative=0x0000000000000270
Event: 3.075 Thread 0x0000018b54453cf0 Uncommon trap: reason=class_check action=maybe_recompile pc=0x0000018b651e7c50 method=scala.collection.TraversableLike.builder$1(Lscala/collection/generic/CanBuildFrom;)Lscala/collection/mutable/Builder; @ 7 c2
Event: 3.075 Thread 0x0000018b54453cf0 DEOPT PACKING pc=0x0000018b651e7c50 sp=0x00000054f41e95d0
Event: 3.075 Thread 0x0000018b54453cf0 DEOPT UNPACKING pc=0x0000018b64b823a3 sp=0x00000054f41e9408 mode 2
Event: 3.076 Thread 0x0000018b54453cf0 Uncommon trap: trap_request=0xffffffde fr.pc=0x0000018b651e7c50 relative=0x0000000000000270
Event: 3.076 Thread 0x0000018b54453cf0 Uncommon trap: reason=class_check action=maybe_recompile pc=0x0000018b651e7c50 method=scala.collection.TraversableLike.builder$1(Lscala/collection/generic/CanBuildFrom;)Lscala/collection/mutable/Builder; @ 7 c2
Event: 3.076 Thread 0x0000018b54453cf0 DEOPT PACKING pc=0x0000018b651e7c50 sp=0x00000054f41e95d0
Event: 3.076 Thread 0x0000018b54453cf0 DEOPT UNPACKING pc=0x0000018b64b823a3 sp=0x00000054f41e9408 mode 2
Event: 3.104 Thread 0x0000018b54453cf0 Uncommon trap: trap_request=0xffffffde fr.pc=0x0000018b65225b50 relative=0x0000000000001430
Event: 3.104 Thread 0x0000018b54453cf0 Uncommon trap: reason=class_check action=maybe_recompile pc=0x0000018b65225b50 method=java.util.HashMap.putVal(ILjava/lang/Object;Ljava/lang/Object;ZZ)Ljava/lang/Object; @ 91 c2
Event: 3.104 Thread 0x0000018b54453cf0 DEOPT PACKING pc=0x0000018b65225b50 sp=0x00000054f41ea260
Event: 3.104 Thread 0x0000018b54453cf0 DEOPT UNPACKING pc=0x0000018b64b823a3 sp=0x00000054f41ea1a0 mode 2
Event: 3.106 Thread 0x0000018b54453cf0 Uncommon trap: trap_request=0xffffff45 fr.pc=0x0000018b65112bf4 relative=0x0000000000000074
Event: 3.106 Thread 0x0000018b54453cf0 Uncommon trap: reason=unstable_if action=reinterpret pc=0x0000018b65112bf4 method=jdk.internal.misc.Unsafe.convEndian(ZI)I @ 4 c2
Event: 3.106 Thread 0x0000018b54453cf0 DEOPT PACKING pc=0x0000018b65112bf4 sp=0x00000054f41e7e60
Event: 3.106 Thread 0x0000018b54453cf0 DEOPT UNPACKING pc=0x0000018b64b823a3 sp=0x00000054f41e7d68 mode 2

Classes unloaded (0 events):
No events

Classes redefined (0 events):
No events

Internal exceptions (20 events):
Event: 0.525 Thread 0x0000018b54453cf0 Exception <a 'java/lang/NoSuchMethodError'{0x00000000c127f0e0}: 'java.lang.Object java.lang.invoke.Invokers$Holder.invokeExact_MT(java.lang.Object, java.lang.Object, java.lang.Object, java.lang.Object, java.lang.Object, java.lang.Object)'> (0x00000000c127f0e0) 
thrown [s\open\src\hotspot\share\interpreter\linkResolver.cpp, line 759]
Event: 0.597 Thread 0x0000018b54453cf0 Exception <a 'java/lang/NoSuchMethodError'{0x00000000c178b0d8}: 'int java.lang.invoke.DirectMethodHandle$Holder.invokeStatic(java.lang.Object, java.lang.Object, int)'> (0x00000000c178b0d8) 
thrown [s\open\src\hotspot\share\interpreter\linkResolver.cpp, line 759]
Event: 0.630 Thread 0x0000018b54453cf0 Exception <a 'java/lang/NoSuchMethodError'{0x00000000c1520450}: 'java.lang.Object java.lang.invoke.DirectMethodHandle$Holder.invokeStaticInit(java.lang.Object, java.lang.Object, java.lang.Object)'> (0x00000000c1520450) 
thrown [s\open\src\hotspot\share\interpreter\linkResolver.cpp, line 759]
Event: 0.632 Thread 0x0000018b54453cf0 Exception <a 'java/lang/NoSuchMethodError'{0x00000000c1572b78}: 'java.lang.Object java.lang.invoke.DirectMethodHandle$Holder.invokeStaticInit(java.lang.Object, java.lang.Object, java.lang.Object, java.lang.Object)'> (0x00000000c1572b78) 
thrown [s\open\src\hotspot\share\interpreter\linkResolver.cpp, line 759]
Event: 0.638 Thread 0x0000018b54453cf0 Exception <a 'java/lang/NoSuchMethodError'{0x00000000c15d78e0}: 'void java.lang.invoke.DirectMethodHandle$Holder.invokeStatic(java.lang.Object, java.lang.Object)'> (0x00000000c15d78e0) 
thrown [s\open\src\hotspot\share\interpreter\linkResolver.cpp, line 759]
Event: 0.777 Thread 0x0000018b54453cf0 Exception <a 'java/lang/NoSuchMethodError'{0x00000000c1cf9808}: 'java.lang.Object java.lang.invoke.DirectMethodHandle$Holder.invokeStatic(java.lang.Object, java.lang.Object, int, java.lang.Object)'> (0x00000000c1cf9808) 
thrown [s\open\src\hotspot\share\interpreter\linkResolver.cpp, line 759]
Event: 0.778 Thread 0x0000018b54453cf0 Exception <a 'java/lang/NoSuchMethodError'{0x00000000c2102860}: 'java.lang.Object java.lang.invoke.DirectMethodHandle$Holder.newInvokeSpecial(java.lang.Object, java.lang.Object, int)'> (0x00000000c2102860) 
thrown [s\open\src\hotspot\share\interpreter\linkResolver.cpp, line 759]
Event: 0.784 Thread 0x0000018b54453cf0 Exception <a 'java/lang/NoSuchMethodError'{0x00000000c212e0b0}: 'java.lang.Object java.lang.invoke.DirectMethodHandle$Holder.invokeStatic(java.lang.Object, int, java.lang.Object)'> (0x00000000c212e0b0) 
thrown [s\open\src\hotspot\share\interpreter\linkResolver.cpp, line 759]
Event: 1.576 Thread 0x0000018b54453cf0 Exception <a 'java/lang/NoSuchMethodError'{0x00000000c54a8b80}: 'java.lang.Object java.lang.invoke.DirectMethodHandle$Holder.newInvokeSpecial(java.lang.Object, java.lang.Object, java.lang.Object, java.lang.Object, java.lang.Object)'> (0x00000000c54a8b80) 
thrown [s\open\src\hotspot\share\interpreter\linkResolver.cpp, line 759]
Event: 1.582 Thread 0x0000018b54453cf0 Exception <a 'java/lang/NoSuchMethodError'{0x00000000c54e9fd0}: 'java.lang.Object java.lang.invoke.DirectMethodHandle$Holder.invokeStatic(java.lang.Object, java.lang.Object, int, java.lang.Object, java.lang.Object)'> (0x00000000c54e9fd0) 
thrown [s\open\src\hotspot\share\interpreter\linkResolver.cpp, line 759]
Event: 1.583 Thread 0x0000018b54453cf0 Exception <a 'java/lang/NoSuchMethodError'{0x00000000c54f3fd0}: 'java.lang.Object java.lang.invoke.DirectMethodHandle$Holder.newInvokeSpecial(java.lang.Object, java.lang.Object, int, java.lang.Object)'> (0x00000000c54f3fd0) 
thrown [s\open\src\hotspot\share\interpreter\linkResolver.cpp, line 759]
Event: 1.583 Thread 0x0000018b54453cf0 Exception <a 'java/lang/NoSuchMethodError'{0x00000000c54f7f10}: 'java.lang.Object java.lang.invoke.DirectMethodHandle$Holder.invokeSpecial(java.lang.Object, java.lang.Object, java.lang.Object, int, java.lang.Object)'> (0x00000000c54f7f10) 
thrown [s\open\src\hotspot\share\interpreter\linkResolver.cpp, line 759]
Event: 1.594 Thread 0x0000018b54453cf0 Exception <a 'java/lang/NoSuchMethodError'{0x00000000c5357c38}: 'java.lang.Object java.lang.invoke.DirectMethodHandle$Holder.newInvokeSpecial(java.lang.Object, java.lang.Object, java.lang.Object, java.lang.Object, java.lang.Object, int)'> (0x00000000c5357c38) 
thrown [s\open\src\hotspot\share\interpreter\linkResolver.cpp, line 759]
Event: 1.594 Thread 0x0000018b54453cf0 Exception <a 'java/lang/NoSuchMethodError'{0x00000000c535c6d0}: 'java.lang.Object java.lang.invoke.DirectMethodHandle$Holder.invokeSpecial(java.lang.Object, java.lang.Object, java.lang.Object, java.lang.Object, java.lang.Object, java.lang.Object, int)'> (0x00000000c535c6d0) 
thrown [s\open\src\hotspot\share\interpreter\linkResolver.cpp, line 759]
Event: 1.634 Thread 0x0000018b54453cf0 Exception <a 'java/lang/NoSuchMethodError'{0x00000000c52150f0}: 'java.lang.Object java.lang.invoke.DirectMethodHandle$Holder.newInvokeSpecial(java.lang.Object, java.lang.Object, java.lang.Object, java.lang.Object, int, java.lang.Object)'> (0x00000000c52150f0) 
thrown [s\open\src\hotspot\share\interpreter\linkResolver.cpp, line 759]
Event: 1.635 Thread 0x0000018b54453cf0 Exception <a 'java/lang/NoSuchMethodError'{0x00000000c52193c8}: 'java.lang.Object java.lang.invoke.DirectMethodHandle$Holder.invokeSpecial(java.lang.Object, java.lang.Object, java.lang.Object, java.lang.Object, java.lang.Object, int, java.lang.Object)'> (0x00000000c52193c8) 
thrown [s\open\src\hotspot\share\interpreter\linkResolver.cpp, line 759]
Event: 1.694 Thread 0x0000018b54453cf0 Exception <a 'java/lang/NoSuchMethodError'{0x00000000c525a0b0}: 'java.lang.Object java.lang.invoke.DirectMethodHandle$Holder.invokeStaticInit(java.lang.Object, java.lang.Object, java.lang.Object, java.lang.Object, java.lang.Object)'> (0x00000000c525a0b0) 
thrown [s\open\src\hotspot\share\interpreter\linkResolver.cpp, line 759]
Event: 1.695 Thread 0x0000018b54453cf0 Exception <a 'java/lang/NoSuchMethodError'{0x00000000c52611a8}: 'java.lang.Object java.lang.invoke.Invokers$Holder.invoke_MT(java.lang.Object, java.lang.Object, java.lang.Object, java.lang.Object, java.lang.Object, java.lang.Object)'> (0x00000000c52611a8) 
thrown [s\open\src\hotspot\share\interpreter\linkResolver.cpp, line 759]
Event: 1.696 Thread 0x0000018b54453cf0 Exception <a 'java/lang/NoSuchMethodError'{0x00000000c526a040}: 'java.lang.Object java.lang.invoke.Invokers$Holder.invoker(java.lang.Object, java.lang.Object, java.lang.Object)'> (0x00000000c526a040) 
thrown [s\open\src\hotspot\share\interpreter\linkResolver.cpp, line 759]
Event: 1.696 Thread 0x0000018b54453cf0 Exception <a 'java/lang/NoSuchMethodError'{0x00000000c5273178}: 'java.lang.Object java.lang.invoke.Invokers$Holder.invokeExact_MT(java.lang.Object, java.lang.Object, java.lang.Object, java.lang.Object)'> (0x00000000c5273178) 
thrown [s\open\src\hotspot\share\interpreter\linkResolver.cpp, line 759]

VM Operations (20 events):
Event: 2.326 Executing VM operation: G1CollectForAllocation
Event: 2.333 Executing VM operation: G1CollectForAllocation done
Event: 2.362 Executing VM operation: G1CollectFull
Event: 2.395 Executing VM operation: G1CollectFull done
Event: 2.480 Executing VM operation: G1CollectForAllocation
Event: 2.486 Executing VM operation: G1CollectForAllocation done
Event: 2.551 Executing VM operation: G1CollectForAllocation
Event: 2.559 Executing VM operation: G1CollectForAllocation done
Event: 2.585 Executing VM operation: G1CollectFull
Event: 2.603 Executing VM operation: G1CollectFull done
Event: 2.625 Executing VM operation: G1CollectFull
Event: 2.645 Executing VM operation: G1CollectFull done
Event: 2.668 Executing VM operation: G1CollectFull
Event: 2.691 Executing VM operation: G1CollectFull done
Event: 2.898 Executing VM operation: G1CollectForAllocation
Event: 2.907 Executing VM operation: G1CollectForAllocation done
Event: 2.933 Executing VM operation: G1CollectFull
Event: 2.971 Executing VM operation: G1CollectFull done
Event: 3.031 Executing VM operation: ICBufferFull
Event: 3.031 Executing VM operation: ICBufferFull done

Events (20 events):
Event: 1.697 loading class java/util/concurrent/locks/ReentrantReadWriteLock$Sync$ThreadLocalHoldCounter
Event: 1.697 loading class java/util/concurrent/locks/ReentrantReadWriteLock$Sync$ThreadLocalHoldCounter done
Event: 1.697 loading class java/util/concurrent/locks/ReentrantReadWriteLock$ReadLock
Event: 1.697 loading class java/util/concurrent/locks/ReentrantReadWriteLock$ReadLock done
Event: 1.697 loading class java/util/concurrent/locks/ReentrantReadWriteLock$WriteLock
Event: 1.697 loading class java/util/concurrent/locks/ReentrantReadWriteLock$WriteLock done
Event: 1.719 loading class java/util/zip/CheckedInputStream
Event: 1.719 loading class java/util/zip/CheckedInputStream done
Event: 1.720 loading class jdk/internal/math/FloatingDecimal$ASCIIToBinaryBuffer
Event: 1.720 loading class jdk/internal/math/FloatingDecimal$ASCIIToBinaryBuffer done
Event: 1.855 loading class java/io/SequenceInputStream
Event: 1.856 loading class java/io/SequenceInputStream done
Event: 1.875 loading class java/util/zip/GZIPInputStream$1
Event: 1.875 loading class java/util/zip/GZIPInputStream$1 done
Event: 1.875 loading class java/util/Vector$1
Event: 1.875 loading class java/util/Vector$1 done
Event: 3.025 loading class java/util/regex/Pattern$BnM
Event: 3.025 loading class java/util/regex/Pattern$BnM done
Event: 3.106 loading class java/lang/SafeVarargs
Event: 3.106 loading class java/lang/SafeVarargs done


Dynamic libraries:
0x00007ff700470000 - 0x00007ff70048b000 	C:\Users\chang\anaconda3\envs\tensorflow\python.exe
0x00007ffe42910000 - 0x00007ffe42b27000 	C:\Windows\SYSTEM32\ntdll.dll
0x00007ffe415b0000 - 0x00007ffe41674000 	C:\Windows\System32\KERNEL32.DLL
0x00007ffe3fe50000 - 0x00007ffe40207000 	C:\Windows\System32\KERNELBASE.dll
0x00007ffe3fc90000 - 0x00007ffe3fda1000 	C:\Windows\System32\ucrtbase.dll
0x00007ffe24a70000 - 0x00007ffe24a8b000 	C:\Users\chang\anaconda3\envs\tensorflow\VCRUNTIME140.dll
0x00007ffdb4e70000 - 0x00007ffdb530c000 	C:\Users\chang\anaconda3\envs\tensorflow\python310.dll
0x00007ffe41160000 - 0x00007ffe411d1000 	C:\Windows\System32\WS2_32.dll
0x00007ffe407a0000 - 0x00007ffe408b4000 	C:\Windows\System32\RPCRT4.dll
0x00007ffe36b20000 - 0x00007ffe36b2a000 	C:\Windows\SYSTEM32\VERSION.dll
0x00007ffe410a0000 - 0x00007ffe41152000 	C:\Windows\System32\ADVAPI32.dll
0x00007ffe42580000 - 0x00007ffe42627000 	C:\Windows\System32\msvcrt.dll
0x00007ffe414b0000 - 0x00007ffe41558000 	C:\Windows\System32\sechost.dll
0x00007ffe40380000 - 0x00007ffe403a8000 	C:\Windows\System32\bcrypt.dll
0x00007ffe2df90000 - 0x00007ffe2dfaa000 	C:\Users\chang\anaconda3\envs\tensorflow\zlib.dll
0x00007ffe3f4d0000 - 0x00007ffe3f4eb000 	C:\Windows\SYSTEM32\CRYPTSP.dll
0x00007ffe3eca0000 - 0x00007ffe3ecd5000 	C:\Windows\system32\rsaenh.dll
0x00007ffe3f4b0000 - 0x00007ffe3f4bc000 	C:\Windows\SYSTEM32\CRYPTBASE.dll
0x00007ffe40240000 - 0x00007ffe402bb000 	C:\Windows\System32\bcryptPrimitives.dll
0x0000018b38d20000 - 0x0000018b38d2f000 	C:\Users\chang\anaconda3\envs\tensorflow\python3.DLL
0x00007ffdb9160000 - 0x00007ffdb922d000 	C:\Users\chang\AppData\Roaming\Python\Python310\site-packages\zmq\backend\cython\_zmq.cp310-win_amd64.pyd
0x00007ffdb90c0000 - 0x00007ffdb915b000 	C:\Users\chang\AppData\Roaming\Python\Python310\site-packages\pyzmq.libs\msvcp140-0dce63d1edc39bb09a54399103a34757.dll
0x00007ffe3e760000 - 0x00007ffe3e78d000 	C:\Windows\SYSTEM32\IPHLPAPI.DLL
0x00007ffe11ef0000 - 0x00007ffe11efc000 	C:\Users\chang\anaconda3\envs\tensorflow\VCRUNTIME140_1.dll
0x00007ffe1d080000 - 0x00007ffe1d096000 	C:\Users\chang\anaconda3\envs\tensorflow\DLLs\_socket.pyd
0x00007ffe1d070000 - 0x00007ffe1d079000 	C:\Users\chang\anaconda3\envs\tensorflow\DLLs\select.pyd
0x00007ffe03b20000 - 0x00007ffe03b4d000 	C:\Users\chang\anaconda3\envs\tensorflow\DLLs\_ssl.pyd
0x00007ffe403b0000 - 0x00007ffe40516000 	C:\Windows\System32\CRYPT32.dll
0x00007ffdb4950000 - 0x00007ffdb4e61000 	C:\Users\chang\anaconda3\envs\tensorflow\Library\bin\libcrypto-3-x64.dll
0x00007ffdf6cf0000 - 0x00007ffdf6db3000 	C:\Users\chang\anaconda3\envs\tensorflow\Library\bin\libssl-3-x64.dll
0x00007ffe42720000 - 0x00007ffe428cf000 	C:\Windows\System32\USER32.dll
0x00007ffe40210000 - 0x00007ffe40236000 	C:\Windows\System32\win32u.dll
0x00007ffe41560000 - 0x00007ffe41589000 	C:\Windows\System32\GDI32.dll
0x00007ffe40520000 - 0x00007ffe40638000 	C:\Windows\System32\gdi32full.dll
0x00007ffe3fdb0000 - 0x00007ffe3fe4a000 	C:\Windows\System32\msvcp_win.dll
0x00007ffe41c30000 - 0x00007ffe41c61000 	C:\Windows\System32\IMM32.DLL
0x00007ffe03b00000 - 0x00007ffe03b11000 	C:\Users\chang\anaconda3\envs\tensorflow\DLLs\_asyncio.pyd
0x00007ffe126e0000 - 0x00007ffe126ee000 	C:\Users\chang\anaconda3\envs\tensorflow\DLLs\_overlapped.pyd
0x00007ffe3f180000 - 0x00007ffe3f1e9000 	C:\Windows\system32\mswsock.dll
0x00007ffe1d060000 - 0x00007ffe1d06a000 	C:\Users\chang\anaconda3\envs\tensorflow\DLLs\_bz2.pyd
0x00007ffe1d040000 - 0x00007ffe1d055000 	C:\Users\chang\anaconda3\envs\tensorflow\Library\bin\LIBBZ2.dll
0x00007ffe1d030000 - 0x00007ffe1d03d000 	C:\Users\chang\anaconda3\envs\tensorflow\DLLs\_lzma.pyd
0x00007ffe1a5d0000 - 0x00007ffe1a602000 	C:\Users\chang\anaconda3\envs\tensorflow\Library\bin\liblzma.dll
0x00007ffe114c0000 - 0x00007ffe114c9000 	C:\Users\chang\anaconda3\envs\tensorflow\DLLs\_queue.pyd
0x00007ffe24a60000 - 0x00007ffe24a70000 	C:\Users\chang\anaconda3\envs\tensorflow\DLLs\_hashlib.pyd
0x00007ffdfdd00000 - 0x00007ffdfdd07000 	C:\Users\chang\AppData\Roaming\Python\Python310\site-packages\tornado\speedups.pyd
0x00007ffe16d80000 - 0x00007ffe16da0000 	C:\Users\chang\anaconda3\envs\tensorflow\DLLs\_ctypes.pyd
0x00007ffe411e0000 - 0x00007ffe41385000 	C:\Windows\System32\ole32.dll
0x00007ffe40a80000 - 0x00007ffe40e0e000 	C:\Windows\System32\combase.dll
0x00007ffe42640000 - 0x00007ffe42717000 	C:\Windows\System32\OLEAUT32.dll
0x00007ffe1a5a0000 - 0x00007ffe1a5ac000 	C:\Users\chang\anaconda3\envs\tensorflow\Library\bin\ffi.dll
0x00007ffdd1c90000 - 0x00007ffdd1cd2000 	C:\Users\chang\anaconda3\envs\tensorflow\DLLs\_decimal.pyd
0x00007ffdfdcf0000 - 0x00007ffdfdcf7000 	C:\Users\chang\anaconda3\envs\tensorflow\DLLs\_uuid.pyd
0x00007ffe41d10000 - 0x00007ffe42579000 	C:\Windows\System32\shell32.DLL
0x00007ffdd24c0000 - 0x00007ffdd24d7000 	C:\Users\chang\anaconda3\envs\tensorflow\DLLs\_sqlite3.pyd
0x00007ffd955f0000 - 0x00007ffd95779000 	C:\Users\chang\anaconda3\envs\tensorflow\Library\bin\sqlite3.dll
0x00007ffdb1880000 - 0x00007ffdb1993000 	C:\Users\chang\anaconda3\envs\tensorflow\DLLs\unicodedata.pyd
0x00007ffe34890000 - 0x00007ffe348a4000 	C:\Users\chang\AppData\Roaming\Python\Python310\site-packages\psutil\_psutil_windows.pyd
0x00007ffe40790000 - 0x00007ffe40798000 	C:\Windows\System32\PSAPI.DLL
0x00007ffe3ea90000 - 0x00007ffe3eadd000 	C:\Windows\SYSTEM32\POWRPROF.dll
0x00007ffe25f80000 - 0x00007ffe25fd9000 	C:\Windows\SYSTEM32\pdh.dll
0x00007ffe3ea70000 - 0x00007ffe3ea83000 	C:\Windows\SYSTEM32\UMPDC.dll
0x00007ffe3eae0000 - 0x00007ffe3eaf4000 	C:\Windows\SYSTEM32\wtsapi32.dll
0x00007ffe3ec80000 - 0x00007ffe3ec98000 	C:\Windows\SYSTEM32\kernel.appcore.dll
0x00007ffe37a10000 - 0x00007ffe37a18000 	C:\Windows\system32\wshunix.dll
0x00007ffe41c70000 - 0x00007ffe41c79000 	C:\Windows\System32\NSI.dll
0x00007ffe3b2f0000 - 0x00007ffe3b309000 	C:\Windows\SYSTEM32\dhcpcsvc6.DLL
0x00007ffe3b2d0000 - 0x00007ffe3b2ef000 	C:\Windows\SYSTEM32\dhcpcsvc.DLL
0x00007ffe3e790000 - 0x00007ffe3e892000 	C:\Windows\SYSTEM32\DNSAPI.dll
0x00007ffdb9080000 - 0x00007ffdb90b2000 	C:\Users\chang\anaconda3\envs\tensorflow\DLLs\pyexpat.pyd
0x00007ffe04410000 - 0x00007ffe04460000 	C:\Users\chang\AppData\Roaming\Python\Python310\site-packages\debugpy\_vendored\pydevd\_pydevd_bundle\pydevd_cython.cp310-win_amd64.pyd
0x00007ffdb2400000 - 0x00007ffdb26d8000 	C:\Users\chang\anaconda3\envs\tensorflow\lib\site-packages\numpy\core\_multiarray_umath.cp310-win_amd64.pyd
0x00007ffd905e0000 - 0x00007ffd92696000 	C:\Users\chang\anaconda3\envs\tensorflow\lib\site-packages\numpy.libs\libopenblas64__v0.3.23-293-gc2f4bdbb-gcc_10_3_0-2bde3a66a51006b2b53eb373ff767a3f.dll
0x00007ffe34870000 - 0x00007ffe34884000 	C:\Users\chang\anaconda3\envs\tensorflow\lib\site-packages\numpy\core\_multiarray_tests.cp310-win_amd64.pyd
0x00007ffe314e0000 - 0x00007ffe314fd000 	C:\Users\chang\anaconda3\envs\tensorflow\lib\site-packages\numpy\linalg\_umath_linalg.cp310-win_amd64.pyd
0x00007ffe24aa0000 - 0x00007ffe24abe000 	C:\Users\chang\anaconda3\envs\tensorflow\lib\site-packages\numpy\fft\_pocketfft_internal.cp310-win_amd64.pyd
0x00007ffdfced0000 - 0x00007ffdfcf67000 	C:\Users\chang\anaconda3\envs\tensorflow\lib\site-packages\numpy\random\mtrand.cp310-win_amd64.pyd
0x00007ffe1d0a0000 - 0x00007ffe1d0cc000 	C:\Users\chang\anaconda3\envs\tensorflow\lib\site-packages\numpy\random\bit_generator.cp310-win_amd64.pyd
0x00007ffe03b80000 - 0x00007ffe03baf000 	C:\Users\chang\anaconda3\envs\tensorflow\lib\site-packages\numpy\random\_common.cp310-win_amd64.pyd
0x00007ffdfce80000 - 0x00007ffdfcec4000 	C:\Users\chang\anaconda3\envs\tensorflow\lib\site-packages\numpy\random\_bounded_integers.cp310-win_amd64.pyd
0x00007ffe1a5b0000 - 0x00007ffe1a5c6000 	C:\Users\chang\anaconda3\envs\tensorflow\lib\site-packages\numpy\random\_mt19937.cp310-win_amd64.pyd
0x00007ffe1a580000 - 0x00007ffe1a595000 	C:\Users\chang\anaconda3\envs\tensorflow\lib\site-packages\numpy\random\_philox.cp310-win_amd64.pyd
0x00007ffe1a4a0000 - 0x00007ffe1a4b9000 	C:\Users\chang\anaconda3\envs\tensorflow\lib\site-packages\numpy\random\_pcg64.cp310-win_amd64.pyd
0x00007ffe314d0000 - 0x00007ffe314e0000 	C:\Users\chang\anaconda3\envs\tensorflow\lib\site-packages\numpy\random\_sfc64.cp310-win_amd64.pyd
0x00007ffdf8e20000 - 0x00007ffdf8ecf000 	C:\Users\chang\anaconda3\envs\tensorflow\lib\site-packages\numpy\random\_generator.cp310-win_amd64.pyd
0x00007ffe2fcd0000 - 0x00007ffe2fcdb000 	C:\Users\chang\anaconda3\envs\tensorflow\lib\site-packages\pandas\_libs\pandas_parser.cp310-win_amd64.pyd
0x00007ffe24a90000 - 0x00007ffe24a9c000 	C:\Users\chang\anaconda3\envs\tensorflow\lib\site-packages\pandas\_libs\pandas_datetime.cp310-win_amd64.pyd
0x00007ffdf8a30000 - 0x00007ffdf8b47000 	C:\Users\chang\anaconda3\envs\tensorflow\lib\site-packages\pandas\_libs\interval.cp310-win_amd64.pyd
0x00007ffdb1a20000 - 0x00007ffdb1be6000 	C:\Users\chang\anaconda3\envs\tensorflow\lib\site-packages\pandas\_libs\hashtable.cp310-win_amd64.pyd
0x00007ffdf8df0000 - 0x00007ffdf8e1f000 	C:\Users\chang\anaconda3\envs\tensorflow\lib\site-packages\pandas\_libs\missing.cp310-win_amd64.pyd
0x00007ffdf8dc0000 - 0x00007ffdf8dee000 	C:\Users\chang\anaconda3\envs\tensorflow\lib\site-packages\pandas\_libs\tslibs\dtypes.cp310-win_amd64.pyd
0x00007ffe03b60000 - 0x00007ffe03b75000 	C:\Users\chang\anaconda3\envs\tensorflow\lib\site-packages\pandas\_libs\tslibs\ccalendar.cp310-win_amd64.pyd
0x00007ffe03ae0000 - 0x00007ffe03b00000 	C:\Users\chang\anaconda3\envs\tensorflow\lib\site-packages\pandas\_libs\tslibs\np_datetime.cp310-win_amd64.pyd
0x00007ffdf89f0000 - 0x00007ffdf8a2b000 	C:\Users\chang\anaconda3\envs\tensorflow\lib\site-packages\pandas\_libs\tslibs\conversion.cp310-win_amd64.pyd
0x00007ffdfce60000 - 0x00007ffdfce71000 	C:\Users\chang\anaconda3\envs\tensorflow\lib\site-packages\pandas\_libs\tslibs\base.cp310-win_amd64.pyd
0x00007ffdcb0d0000 - 0x00007ffdcb1ad000 	C:\Users\chang\anaconda3\envs\tensorflow\lib\site-packages\pandas\_libs\tslibs\offsets.cp310-win_amd64.pyd
0x00007ffdcb040000 - 0x00007ffdcb0c1000 	C:\Users\chang\anaconda3\envs\tensorflow\lib\site-packages\pandas\_libs\tslibs\timestamps.cp310-win_amd64.pyd
0x00007ffdf89b0000 - 0x00007ffdf89e5000 	C:\Users\chang\anaconda3\envs\tensorflow\lib\site-packages\pandas\_libs\tslibs\nattype.cp310-win_amd64.pyd
0x00007ffdf7990000 - 0x00007ffdf7a08000 	C:\Users\chang\anaconda3\envs\tensorflow\lib\site-packages\pandas\_libs\tslibs\timedeltas.cp310-win_amd64.pyd
0x00007ffdf6cb0000 - 0x00007ffdf6cea000 	C:\Users\chang\anaconda3\envs\tensorflow\lib\site-packages\pandas\_libs\tslibs\timezones.cp310-win_amd64.pyd
0x00007ffe11080000 - 0x00007ffe1108d000 	C:\Users\chang\anaconda3\envs\tensorflow\DLLs\_zoneinfo.pyd
0x0000018b55080000 - 0x0000018b55083000 	C:\Windows\SYSTEM32\tzres.dll
0x00007ffdd00f0000 - 0x00007ffdd0136000 	C:\Users\chang\anaconda3\envs\tensorflow\lib\site-packages\pandas\_libs\tslibs\fields.cp310-win_amd64.pyd
0x00007ffdf6c70000 - 0x00007ffdf6cb0000 	C:\Users\chang\anaconda3\envs\tensorflow\lib\site-packages\pandas\_libs\tslibs\tzconversion.cp310-win_amd64.pyd
0x00007ffdd3410000 - 0x00007ffdd3424000 	C:\Users\chang\anaconda3\envs\tensorflow\lib\site-packages\pandas\_libs\properties.cp310-win_amd64.pyd
0x00007ffdb9b80000 - 0x00007ffdb9bd3000 	C:\Users\chang\anaconda3\envs\tensorflow\lib\site-packages\pandas\_libs\tslibs\parsing.cp310-win_amd64.pyd
0x00007ffdb8eb0000 - 0x00007ffdb8efe000 	C:\Users\chang\anaconda3\envs\tensorflow\lib\site-packages\pandas\_libs\tslibs\strptime.cp310-win_amd64.pyd
0x00007ffdb8e40000 - 0x00007ffdb8ea8000 	C:\Users\chang\anaconda3\envs\tensorflow\lib\site-packages\pandas\_libs\tslibs\period.cp310-win_amd64.pyd
0x00007ffdb9b40000 - 0x00007ffdb9b72000 	C:\Users\chang\anaconda3\envs\tensorflow\lib\site-packages\pandas\_libs\tslibs\vectorized.cp310-win_amd64.pyd
0x00007ffdd3260000 - 0x00007ffdd3271000 	C:\Users\chang\anaconda3\envs\tensorflow\lib\site-packages\pandas\_libs\ops_dispatch.cp310-win_amd64.pyd
0x00007ffd95390000 - 0x00007ffd95552000 	C:\Users\chang\anaconda3\envs\tensorflow\lib\site-packages\pandas\_libs\algos.cp310-win_amd64.pyd
0x00007ffd952e0000 - 0x00007ffd95383000 	C:\Users\chang\anaconda3\envs\tensorflow\lib\site-packages\pandas\_libs\lib.cp310-win_amd64.pyd
0x00007ffdb19e0000 - 0x00007ffdb1a16000 	C:\Users\chang\anaconda3\envs\tensorflow\lib\site-packages\pandas\_libs\ops.cp310-win_amd64.pyd
0x00007ffdb19b0000 - 0x00007ffdb19db000 	C:\Users\chang\anaconda3\envs\tensorflow\lib\site-packages\pandas\_libs\hashing.cp310-win_amd64.pyd
0x00007ffdcf8e0000 - 0x00007ffdcf8fc000 	C:\Users\chang\anaconda3\envs\tensorflow\lib\site-packages\pandas\_libs\arrays.cp310-win_amd64.pyd
0x00007ffdb17a0000 - 0x00007ffdb17e1000 	C:\Users\chang\anaconda3\envs\tensorflow\lib\site-packages\pandas\_libs\tslib.cp310-win_amd64.pyd
0x00007ffd95060000 - 0x00007ffd95131000 	C:\Users\chang\anaconda3\envs\tensorflow\lib\site-packages\pandas\_libs\sparse.cp310-win_amd64.pyd
0x00007ffd95010000 - 0x00007ffd95060000 	C:\Users\chang\anaconda3\envs\tensorflow\lib\site-packages\pandas\_libs\internals.cp310-win_amd64.pyd
0x00007ffdcf320000 - 0x00007ffdcf331000 	C:\Users\chang\anaconda3\envs\tensorflow\lib\site-packages\pandas\_libs\indexing.cp310-win_amd64.pyd
0x00007ffd94f50000 - 0x00007ffd95004000 	C:\Users\chang\anaconda3\envs\tensorflow\lib\site-packages\pandas\_libs\index.cp310-win_amd64.pyd
0x00007ffd94f10000 - 0x00007ffd94f43000 	C:\Users\chang\anaconda3\envs\tensorflow\lib\site-packages\pandas\_libs\writers.cp310-win_amd64.pyd
0x00007ffd94df0000 - 0x00007ffd94f06000 	C:\Users\chang\anaconda3\envs\tensorflow\lib\site-packages\pandas\_libs\join.cp310-win_amd64.pyd
0x00007ffd94d90000 - 0x00007ffd94de8000 	C:\Users\chang\anaconda3\envs\tensorflow\lib\site-packages\pandas\_libs\window\aggregations.cp310-win_amd64.pyd
0x00007ffd94cf0000 - 0x00007ffd94d8b000 	C:\Users\chang\anaconda3\envs\tensorflow\lib\site-packages\pandas.libs\msvcp140-ef6047a69b174ada5cb2eff1d2bc9a62.dll
0x00007ffd94cc0000 - 0x00007ffd94ceb000 	C:\Users\chang\anaconda3\envs\tensorflow\lib\site-packages\pandas\_libs\window\indexers.cp310-win_amd64.pyd
0x00007ffd94c80000 - 0x00007ffd94cbf000 	C:\Users\chang\anaconda3\envs\tensorflow\lib\site-packages\pandas\_libs\reshape.cp310-win_amd64.pyd
0x00007ffd94a60000 - 0x00007ffd94c7c000 	C:\Users\chang\anaconda3\envs\tensorflow\lib\site-packages\pandas\_libs\groupby.cp310-win_amd64.pyd
0x00007ffdceea0000 - 0x00007ffdceeb1000 	C:\Users\chang\anaconda3\envs\tensorflow\lib\site-packages\pandas\_libs\json.cp310-win_amd64.pyd

dbghelp: loaded successfully - version: 4.0.5 - missing functions: none
symbol engine: initialized successfully - sym options: 0x614 - pdb path: .;C:\Users\chang\anaconda3\envs\tensorflow;C:\Windows\SYSTEM32;C:\Users\chang\AppData\Roaming\Python\Python310\site-packages\zmq\backend\cython;C:\Users\chang\AppData\Roaming\Python\Python310\site-packages\pyzmq.libs;C:\Users\chang\anaconda3\envs\tensorflow\DLLs;C:\Users\chang\anaconda3\envs\tensorflow\Library\bin;C:\Users\chang\AppData\Roaming\Python\Python310\site-packages\tornado;C:\Users\chang\AppData\Roaming\Python\Python310\site-packages\psutil;C:\Users\chang\AppData\Roaming\Python\Python310\site-packages\debugpy\_vendored\pydevd\_pydevd_bundle;C:\Users\chang\anaconda3\envs\tensorflow\lib\site-packages\numpy\core;C:\Users\chang\anaconda3\envs\tensorflow\lib\site-packages\numpy.libs;C:\Users\chang\anaconda3\envs\tensorflow\lib\site-packages\numpy\linalg;C:\Users\chang\anaconda3\envs\tensorflow\lib\site-packages\numpy\fft;C:\Users\chang\anaconda3\envs\tensorflow\lib\site-packages\numpy\random;C:\Users\chang\anaconda3\envs\tensorflow\lib\site-packages\pandas\_libs;C:\Users\chang\anaconda3\envs\tensorflow\lib\site-packages\pandas\_libs\tslibs;C:\Users\chang\anaconda3\envs\tensorflow\lib\site-packages\pandas\_libs\window;C:\Users\chang\anaconda3\envs\tensorflow\lib\site-packages\pandas.libs;C:\Users\chang\anaconda3\envs\tensorflow\lib\site-packages\cryptography\hazmat\bindings;C:\Users\chang\anaconda3\envs\tensorflow\lib\site-packages;C:\Program Files\Java\jdk-17\bin\server;C:\Program Files\Java\jdk-17\bin

VM Arguments:
jvm_args: -Dfile.encoding=UTF8 -ea -Xmx1024m 
java_command: <unknown>
java_class_path (initial): C:\Users\chang\anaconda3\envs\tensorflow\Lib\site-packages\konlpy\java;C:\Users\chang\anaconda3\envs\tensorflow\Lib\site-packages\konlpy\java\bin;C:\Users\chang\anaconda3\envs\tensorflow\Lib\site-packages\konlpy\java\aho-corasick.jar;C:\Users\chang\anaconda3\envs\tensorflow\Lib\site-packages\konlpy\java\jhannanum-0.8.4.jar;C:\Users\chang\anaconda3\envs\tensorflow\Lib\site-packages\konlpy\java\kkma-2.0.jar;C:\Users\chang\anaconda3\envs\tensorflow\Lib\site-packages\konlpy\java\komoran-3.0.jar;C:\Users\chang\anaconda3\envs\tensorflow\Lib\site-packages\konlpy\java\open-korean-text-2.1.0.jar;C:\Users\chang\anaconda3\envs\tensorflow\Lib\site-packages\konlpy\java\scala-library-2.12.3.jar;C:\Users\chang\anaconda3\envs\tensorflow\Lib\site-packages\konlpy\java\shineware-common-1.0.jar;C:\Users\chang\anaconda3\envs\tensorflow\Lib\site-packages\konlpy\java\shineware-ds-1.0.jar;C:\Users\chang\anaconda3\envs\tensorflow\Lib\site-packages\konlpy\java\snakeyaml-1.12.jar;C:\Users\chang\anaconda3\envs\tensorflow\Lib\site-packages\konlpy\java\twitter-text-1.14.7.jar;C:\Users\chang\anaconda3\envs\tensorflow\Lib\site-packages\konlpy\java\jhannanum-0.8.4.jar;C:\Users\chang\anaconda3\envs\tensorflow\Lib\site-packages\konlpy\java\kkma-2.0.jar;C:\Users\chang\anaconda3\envs\tensorflow\Lib\site-packages\konlpy\java\aho-corasick.jar;C:\Users\chang\anaconda3\envs\tensorflow\Lib\site-packages\konlpy\java\shineware-common-1.0.jar;C:\Users\chang\anaconda3\envs\tensorflow\Lib\site-packages\konlpy\java\shineware-ds-1.0.jar;C:\Users\chang\anaconda3\envs\tensorflow\Lib\site-packages\konlpy\java\komoran-3.0.jar;C:\Users\chang\anaconda3\envs\tensorflow\Lib\site-packages\konlpy\java\snakeyaml-1.12.jar;C:\Users\chang\anaconda3\envs\tensorflow\Lib\site-packages\konlpy\java\scala-library-2.12.3.jar;C:\Users\chang\anaconda3\envs\tensorflow\Lib\site-packages\konlpy\java\open-korean-text-2.1.0.jar;C:\Users\chang\anaconda3\envs\tensorflow\Lib\site-packages\konlpy\java\twitter-text-1.
Launcher Type: generic

[Global flags]
     intx CICompilerCount                          = 4                                         {product} {ergonomic}
     uint ConcGCThreads                            = 3                                         {product} {ergonomic}
     uint G1ConcRefinementThreads                  = 10                                        {product} {ergonomic}
   size_t G1HeapRegionSize                         = 1048576                                   {product} {ergonomic}
    uintx GCDrainStackTargetSize                   = 64                                        {product} {ergonomic}
   size_t InitialHeapSize                          = 534773760                                 {product} {ergonomic}
   size_t MarkStackSize                            = 4194304                                   {product} {ergonomic}
   size_t MaxHeapSize                              = 1073741824                                {product} {command line}
   size_t MaxNewSize                               = 643825664                                 {product} {ergonomic}
   size_t MinHeapDeltaBytes                        = 1048576                                   {product} {ergonomic}
   size_t MinHeapSize                              = 8388608                                   {product} {ergonomic}
    uintx NonNMethodCodeHeapSize                   = 5839372                                {pd product} {ergonomic}
    uintx NonProfiledCodeHeapSize                  = 122909434                              {pd product} {ergonomic}
    uintx ProfiledCodeHeapSize                     = 122909434                              {pd product} {ergonomic}
    uintx ReservedCodeCacheSize                    = 251658240                              {pd product} {ergonomic}
     bool SegmentedCodeCache                       = true                                      {product} {ergonomic}
   size_t SoftMaxHeapSize                          = 1073741824                             {manageable} {ergonomic}
     bool UseCompressedClassPointers               = true                           {product lp64_product} {ergonomic}
     bool UseCompressedOops                        = true                           {product lp64_product} {ergonomic}
     bool UseG1GC                                  = true                                      {product} {ergonomic}
     bool UseLargePagesIndividualAllocation        = false                                  {pd product} {ergonomic}

Logging:
Log output configuration:
 #0: stdout all=warning uptime,level,tags
 #1: stderr all=off uptime,level,tags

Environment Variables:
JAVA_HOME=C:\Program Files\Java\jdk-17
PATH=C:\Users\chang\anaconda3\envs\tensorflow;C:\Users\chang\anaconda3\envs\tensorflow\Library\mingw-w64\bin;C:\Users\chang\anaconda3\envs\tensorflow\Library\usr\bin;C:\Users\chang\anaconda3\envs\tensorflow\Library\bin;C:\Users\chang\anaconda3\envs\tensorflow\Scripts;C:\Users\chang\anaconda3\envs\tensorflow\bin;C:\Users\chang\anaconda3\condabin;C:\Program Files\NVIDIA GPU Computing Toolkit\CUDA\v11.7\bin;C:\Program Files\NVIDIA GPU Computing Toolkit\CUDA\v11.7\libnvvp;C:\Program Files\Python310\Scripts;C:\Program Files\Python310;C:\Program Files (x86)\VMware\VMware Player\bin;C:\Program Files\Common Files\Oracle\Java\javapath;C:\Windows\system32;C:\Windows;C:\Windows\System32\Wbem;C:\Windows\System32\WindowsPowerShell\v1.0;C:\Windows\System32\OpenSSH;C:\Program Files\nodejs;C:\Program Files\NVIDIA Corporation\Nsight Compute 2022.2.0;C:\Program Files (x86)\NVIDIA Corporation\PhysX\Common;C:\Program Files\NVIDIA Corporation\NVIDIA NvDLISR;C:\Program Files\Git\cmd;C:\Users\chang\AppData\Local\Microsoft\WindowsApps;C:\Users\chang\AppData\Local\Programs\Microsoft VS Code\bin;C:\Users\chang\AppData\Local\GitHubDesktop\bin;C:\Program Files\ffmpeg\ffmpeg-6.1.1\bin;C:\Program Files\Java\jdk-17\bin;C:\Program Files\Google;C:\Users\chang\anaconda3\Scripts;C:\Users\chang\AppData\Roaming\npm;C:\Program Files\MongoDB\Tools\100\bin;.;C:\Users\chang\Anaconda3\Library\Bin
USERNAME=chang
LANG=en_US.UTF-8
LC_ALL=en_US.UTF-8
OS=Windows_NT
PROCESSOR_IDENTIFIER=Intel64 Family 6 Model 151 Stepping 5, GenuineIntel



---------------  S Y S T E M  ---------------

OS:
 Windows 11 , 64 bit Build 22621 (10.0.22621.3958)
OS uptime: 4 days 7:45 hours
Hyper-V role detected

CPU: total 12 (initial active 12) (6 cores per cpu, 2 threads per core) family 6 model 151 stepping 5 microcode 0x26, cx8, cmov, fxsr, ht, mmx, 3dnowpref, sse, sse2, sse3, ssse3, sse4.1, sse4.2, popcnt, lzcnt, tsc, tscinvbit, avx, avx2, aes, erms, clmul, bmi1, bmi2, adx, sha, fma, vzeroupper, clflush, clflushopt, clwb, hv

Memory: 4k page, system-wide physical 32599M (11506M free)
TotalPageFile size 36717M (AvailPageFile size 4339M)
current process WorkingSet (physical memory assigned to process): 479M, peak: 486M
current process commit charge ("private bytes"): 873M, peak: 1111M

vm_info: Java HotSpot(TM) 64-Bit Server VM (17.0.8+9-LTS-211) for windows-amd64 JRE (17.0.8+9-LTS-211), built on Jun 14 2023 10:34:31 by "mach5one" with MS VC++ 17.1 (VS2022)

END.
